<?xml version="1.0" encoding="UTF-8"?>
<testsuite name="com.indra.runners.SanityRunners" tests="0" skipped="0" failures="0" errors="0" timestamp="1970-01-01T00:00:00" hostname="22LAP5CD1195R94" time="0.0">
  <properties/>
  <system-out><![CDATA[09:16:25.015 [Test worker] DEBUG net.thucydides.core.util.PropertiesFileLocalPreferences - LOADING LOCAL PROPERTIES FROM C:\Sanity Ambientes\PrepaidAutomation\serenity.properties 
09:16:25.198 [Test worker] DEBUG net.thucydides.core.util.PropertiesFileLocalPreferences - LOADING LOCAL PROPERTIES FROM C:\Sanity Ambientes\PrepaidAutomation\serenity.properties 
09:16:25.211 [Test worker] DEBUG net.thucydides.core.util.PropertiesFileLocalPreferences - LOADING LOCAL PROPERTIES FROM C:\Sanity Ambientes\PrepaidAutomation\serenity.properties 
09:16:25.211 [Test worker] DEBUG net.thucydides.core.util.PropertiesFileLocalPreferences - webdriver.driver=firefox
09:16:25.211 [Test worker] DEBUG net.thucydides.core.util.PropertiesFileLocalPreferences - serenity.console.colors=true
09:16:25.211 [Test worker] DEBUG net.thucydides.core.util.PropertiesFileLocalPreferences - webdriver.gecko.driver=src/test/resources/drivers/geckodriver.exe
09:16:25.211 [Test worker] DEBUG net.thucydides.core.util.PropertiesFileLocalPreferences - webdriver.base.url=http://10.69.60.77:8180/tigo-pos-web/index.jsp
09:16:25.211 [Test worker] DEBUG net.thucydides.core.util.PropertiesFileLocalPreferences - serenity.project.name=Automatización Sanity Ambiente - Activacion Prepago
09:16:25.211 [Test worker] DEBUG net.thucydides.core.util.PropertiesFileLocalPreferences - webdriver.wait.for.timeout=10000
09:16:25.211 [Test worker] DEBUG net.thucydides.core.util.PropertiesFileLocalPreferences - serenity.use.unique.browser=true
09:16:25.211 [Test worker] DEBUG net.thucydides.core.util.PropertiesFileLocalPreferences - webdriver.timeouts.implicitlywait=25000
09:16:25.211 [Test worker] DEBUG net.thucydides.core.util.PropertiesFileLocalPreferences - serenity.take.screenshots=FOR_EACH_ACTION
09:16:25.211 [Test worker] DEBUG net.thucydides.core.util.PropertiesFileLocalPreferences - serenity.browser.maximized=true
09:16:25.211 [Test worker] DEBUG net.thucydides.core.util.PropertiesFileLocalPreferences - firefox.capability.marionette=true
09:16:25.614 [Test worker] DEBUG net.thucydides.core.util.PropertiesFileLocalPreferences - LOADING LOCAL PROPERTIES FROM C:\Sanity Ambientes\PrepaidAutomation\serenity.properties 
09:16:25.694 [Test worker] DEBUG net.thucydides.core.util.PropertiesFileLocalPreferences - LOADING LOCAL PROPERTIES FROM C:\Sanity Ambientes\PrepaidAutomation\serenity.properties 
09:16:25.694 [Test worker] DEBUG net.thucydides.core.util.PropertiesFileLocalPreferences - LOADING LOCAL PROPERTIES FROM C:\Sanity Ambientes\PrepaidAutomation\serenity.properties 
09:16:25.694 [Test worker] DEBUG net.thucydides.core.util.PropertiesFileLocalPreferences - webdriver.driver=firefox
09:16:25.694 [Test worker] DEBUG net.thucydides.core.util.PropertiesFileLocalPreferences - serenity.console.colors=true
09:16:25.694 [Test worker] DEBUG net.thucydides.core.util.PropertiesFileLocalPreferences - webdriver.gecko.driver=src/test/resources/drivers/geckodriver.exe
09:16:25.694 [Test worker] DEBUG net.thucydides.core.util.PropertiesFileLocalPreferences - webdriver.base.url=http://10.69.60.77:8180/tigo-pos-web/index.jsp
09:16:25.694 [Test worker] DEBUG net.thucydides.core.util.PropertiesFileLocalPreferences - serenity.project.name=Automatización Sanity Ambiente - Activacion Prepago
09:16:25.694 [Test worker] DEBUG net.thucydides.core.util.PropertiesFileLocalPreferences - webdriver.wait.for.timeout=10000
09:16:25.694 [Test worker] DEBUG net.thucydides.core.util.PropertiesFileLocalPreferences - serenity.use.unique.browser=true
09:16:25.694 [Test worker] DEBUG net.thucydides.core.util.PropertiesFileLocalPreferences - webdriver.timeouts.implicitlywait=25000
09:16:25.694 [Test worker] DEBUG net.thucydides.core.util.PropertiesFileLocalPreferences - serenity.take.screenshots=FOR_EACH_ACTION
09:16:25.694 [Test worker] DEBUG net.thucydides.core.util.PropertiesFileLocalPreferences - serenity.browser.maximized=true
09:16:25.699 [Test worker] DEBUG net.thucydides.core.util.PropertiesFileLocalPreferences - firefox.capability.marionette=true
09:16:25.699 [Test worker] INFO net.thucydides.core.steps.ConsoleLoggingListener - ?[96m

-------------------------------------------------------------------------------------
     _______. _______ .______       _______ .__   __.  __  .___________.____    ____ 
    /       ||   ____||   _  \     |   ____||  \ |  | |  | |           |\   \  /   / 
   |   (----`|  |__   |  |_)  |    |  |__   |   \|  | |  | `---|  |----` \   \/   /  
    \   \    |   __|  |      /     |   __|  |  . `  | |  |     |  |       \_    _/   
.----)   |   |  |____ |  |\  \----.|  |____ |  |\   | |  |     |  |         |  |     
|_______/    |_______|| _| `._____||_______||__| \__| |__|     |__|         |__|    
                                                                                     
 News and tutorials at http://www.serenity-bdd.info                                  
 Documentation at https://wakaleo.gitbooks.io/the-serenity-book/content/             
 Join the Serenity Community on Rocket Chat at https://serenity-bdd.rocket.chat      
 Serenity BDD Support and Training at http://serenity-bdd.info/#/trainingandsupport  
 Learn Serenity BDD online at http://serenity-dojo.com                               
-------------------------------------------------------------------------------------
?[0m
09:16:25.699 [Test worker] DEBUG net.thucydides.core.steps.StepEventBus - Test suite started for story net.thucydides.core.model.Story@6fe68030
09:16:25.714 [Test worker] INFO net.thucydides.core.steps.ConsoleLoggingListener - Test Suite Started: Sanity limpieza y aprovisionamiento de recursos
09:16:25.784 [Test worker] INFO net.thucydides.core.steps.ConsoleLoggingListener - 
 _____ _____ ____ _____   ____ _____  _    ____ _____ _____ ____  
|_   _| ____/ ___|_   _| / ___|_   _|/ \  |  _ \_   _| ____|  _ \ 
  | | |  _| \___ \ | |   \___ \ | | / _ \ | |_) || | |  _| | | | |
  | | | |___ ___) || |    ___) || |/ ___ \|  _ < | | | |___| |_| |
  |_| |_____|____/ |_|   |____/ |_/_/   \_\_| \_\|_| |_____|____/ 
                                                                  

TEST STARTED: se quiere ingresar a la plataforma epos
-------------------------------------------------------------------(sanity-limpieza-y-aprovisionamiento-de-recursos;se-quiere-ingresar-a-la-plataforma-epos)
09:16:25.854 [Test worker] DEBUG net.thucydides.core.requirements.model.cucumber.CucumberParser - Found no Cucumber 4.2.6 class cucumber.runtime.model.FeatureLoader try Cucumber 4.2.0 
09:16:25.854 [Test worker] DEBUG net.thucydides.core.requirements.model.cucumber.CucumberParser - Found no Cucumber 4.2.0 class cucumber.runtime.model.FeatureLoader try Cucumber 2.x.x 
09:17:12.544 [Test worker] INFO net.thucydides.core.steps.ConsoleLoggingListener - 
 _____ _____ ____ _____   ____ _____  _    ____ _____ _____ ____  
|_   _| ____/ ___|_   _| / ___|_   _|/ \  |  _ \_   _| ____|  _ \ 
  | | |  _| \___ \ | |   \___ \ | | / _ \ | |_) || | |  _| | | | |
  | | | |___ ___) || |    ___) || |/ ___ \|  _ < | | | |___| |_| |
  |_| |_____|____/ |_|   |____/ |_/_/   \_\_| \_\|_| |_____|____/ 
                                                                  

TEST STARTED: realizar el cargue de inventario
-------------------------------------------------------------------(sanity-limpieza-y-aprovisionamiento-de-recursos;realizar-el-cargue-de-inventario)
09:17:55.938 [Test worker] INFO net.thucydides.core.steps.ConsoleLoggingListener - 
 _____ _____ ____ _____   ____ _____  _    ____ _____ _____ ____  
|_   _| ____/ ___|_   _| / ___|_   _|/ \  |  _ \_   _| ____|  _ \ 
  | | |  _| \___ \ | |   \___ \ | | / _ \ | |_) || | |  _| | | | |
  | | | |___ ___) || |    ___) || |/ ___ \|  _ < | | | |___| |_| |
  |_| |_____|____/ |_|   |____/ |_/_/   \_\_| \_\|_| |_____|____/ 
                                                                  

TEST STARTED: realizar la confirmacion de inventario
-------------------------------------------------------------------(sanity-limpieza-y-aprovisionamiento-de-recursos;realizar-la-confirmacion-de-inventario)
09:18:06.695 [Test worker] INFO net.thucydides.core.steps.ConsoleLoggingListener - 
 _____ _____ ____ _____   ____ _____  _    ____ _____ _____ ____  
|_   _| ____/ ___|_   _| / ___|_   _|/ \  |  _ \_   _| ____|  _ \ 
  | | |  _| \___ \ | |   \___ \ | | / _ \ | |_) || | |  _| | | | |
  | | | |___ ___) || |    ___) || |/ ___ \|  _ < | | | |___| |_| |
  |_| |_____|____/ |_|   |____/ |_/_/   \_\_| \_\|_| |_____|____/ 
                                                                  

TEST STARTED: se requiere realizar una activacion de una linea en prepago
-------------------------------------------------------------------(sanity-limpieza-y-aprovisionamiento-de-recursos;se-requiere-realizar-una-activacion-de-una-linea-en-prepago)
09:19:11.736 [Test worker] DEBUG net.thucydides.core.reports.ReportService - Reporting formats: [JSON, HTML]
09:19:11.804 [Test worker] DEBUG net.thucydides.core.reports.ReportService - Reporting formats: [JSON, HTML]
09:19:11.812 [Test worker] DEBUG net.thucydides.core.reports.ReportService - Generating reports for 4 test outcomes using: net.thucydides.core.reports.json.JSONTestOutcomeReporter@281edf8c
09:19:11.813 [pool-1-thread-1] DEBUG net.thucydides.core.reports.ReportService - Processing test outcome Sanity limpieza y aprovisionamiento de recursos:se quiere ingresar a la plataforma epos
09:19:11.813 [pool-1-thread-1] DEBUG net.thucydides.core.reports.ReportService - net.thucydides.core.reports.json.JSONTestOutcomeReporter@281edf8c: Generating report for test outcome: Sanity limpieza y aprovisionamiento de recursos:se quiere ingresar a la plataforma epos
09:19:11.813 [pool-1-thread-2] DEBUG net.thucydides.core.reports.ReportService - Processing test outcome Sanity limpieza y aprovisionamiento de recursos:realizar el cargue de inventario
09:19:11.814 [pool-1-thread-2] DEBUG net.thucydides.core.reports.ReportService - net.thucydides.core.reports.json.JSONTestOutcomeReporter@281edf8c: Generating report for test outcome: Sanity limpieza y aprovisionamiento de recursos:realizar el cargue de inventario
09:19:11.814 [pool-1-thread-3] DEBUG net.thucydides.core.reports.ReportService - Processing test outcome Sanity limpieza y aprovisionamiento de recursos:realizar la confirmacion de inventario
09:19:11.814 [pool-1-thread-3] DEBUG net.thucydides.core.reports.ReportService - net.thucydides.core.reports.json.JSONTestOutcomeReporter@281edf8c: Generating report for test outcome: Sanity limpieza y aprovisionamiento de recursos:realizar la confirmacion de inventario
09:19:11.814 [pool-1-thread-4] DEBUG net.thucydides.core.reports.ReportService - Processing test outcome Sanity limpieza y aprovisionamiento de recursos:se requiere realizar una activacion de una linea en prepago
09:19:11.814 [pool-1-thread-4] DEBUG net.thucydides.core.reports.ReportService - net.thucydides.core.reports.json.JSONTestOutcomeReporter@281edf8c: Generating report for test outcome: Sanity limpieza y aprovisionamiento de recursos:se requiere realizar una activacion de una linea en prepago
09:19:11.822 [pool-1-thread-3] DEBUG net.thucydides.core.reports.json.JSONTestOutcomeReporter - Generating JSON report for realizar la confirmacion de inventario to file C:\Sanity Ambientes\PrepaidAutomation\target\site\serenity\8a91845db0a22eb470d492c234c97b8c9dde222ac0d23603d3947e29bb7d10a1.json (using temp file C:\Sanity Ambientes\PrepaidAutomation\target\site\serenity\8a91845db0a22eb470d492c234c97b8c9dde222ac0d23603d3947e29bb7d10a1.json7aca811c-c3e9-4689-9bd1-fbd66d6c2bf1)
09:19:11.822 [pool-1-thread-2] DEBUG net.thucydides.core.reports.json.JSONTestOutcomeReporter - Generating JSON report for realizar el cargue de inventario to file C:\Sanity Ambientes\PrepaidAutomation\target\site\serenity\c2816aaf72665fe39c1c583ab7f5162d39901ba6984fcbfd421cfd8e526280ac.json (using temp file C:\Sanity Ambientes\PrepaidAutomation\target\site\serenity\c2816aaf72665fe39c1c583ab7f5162d39901ba6984fcbfd421cfd8e526280ac.json0a53105b-be2a-4e32-8b0d-a7d28a850a10)
09:19:11.823 [pool-1-thread-4] DEBUG net.thucydides.core.reports.json.JSONTestOutcomeReporter - Generating JSON report for se requiere realizar una activacion de una linea en prepago to file C:\Sanity Ambientes\PrepaidAutomation\target\site\serenity\b24b1018ee3dd999113e548415feb5453867a0c876cf6d48e9e407bfaf58972b.json (using temp file C:\Sanity Ambientes\PrepaidAutomation\target\site\serenity\b24b1018ee3dd999113e548415feb5453867a0c876cf6d48e9e407bfaf58972b.json52ca472f-3a7d-4d76-a442-eb705f1bb5a2)
09:19:11.824 [pool-1-thread-1] DEBUG net.thucydides.core.reports.json.JSONTestOutcomeReporter - Generating JSON report for se quiere ingresar a la plataforma epos to file C:\Sanity Ambientes\PrepaidAutomation\target\site\serenity\dd8d8ded9644b52fbc86dae313c60166d8b4c2b2da549354520470c10795b41b.json (using temp file C:\Sanity Ambientes\PrepaidAutomation\target\site\serenity\dd8d8ded9644b52fbc86dae313c60166d8b4c2b2da549354520470c10795b41b.jsonf8aaf8b2-3827-4748-a673-64e987142090)
09:19:11.863 [pool-1-thread-2] DEBUG net.thucydides.core.reports.ReportService - Processing test outcome Sanity limpieza y aprovisionamiento de recursos:realizar el cargue de inventario done
09:19:11.863 [pool-1-thread-3] DEBUG net.thucydides.core.reports.ReportService - Processing test outcome Sanity limpieza y aprovisionamiento de recursos:realizar la confirmacion de inventario done
09:19:11.863 [pool-1-thread-1] DEBUG net.thucydides.core.reports.ReportService - Processing test outcome Sanity limpieza y aprovisionamiento de recursos:se quiere ingresar a la plataforma epos done
09:19:11.863 [pool-1-thread-4] DEBUG net.thucydides.core.reports.ReportService - Processing test outcome Sanity limpieza y aprovisionamiento de recursos:se requiere realizar una activacion de una linea en prepago done
09:19:11.863 [Test worker] DEBUG net.thucydides.core.reports.ReportService - Shutting down executor service
09:19:11.863 [Test worker] DEBUG net.thucydides.core.reports.ReportService - Reports generated in: 51 ms
09:19:11.863 [Test worker] DEBUG net.thucydides.core.reports.ReportService - Generating reports for 4 test outcomes using: net.thucydides.core.reports.html.HtmlAcceptanceTestReporter@262dd9cb
09:19:11.864 [pool-2-thread-1] DEBUG net.thucydides.core.reports.ReportService - Processing test outcome Sanity limpieza y aprovisionamiento de recursos:se quiere ingresar a la plataforma epos
09:19:11.864 [pool-2-thread-1] DEBUG net.thucydides.core.reports.ReportService - net.thucydides.core.reports.html.HtmlAcceptanceTestReporter@262dd9cb: Generating report for test outcome: Sanity limpieza y aprovisionamiento de recursos:se quiere ingresar a la plataforma epos
09:19:11.864 [pool-2-thread-2] DEBUG net.thucydides.core.reports.ReportService - Processing test outcome Sanity limpieza y aprovisionamiento de recursos:realizar el cargue de inventario
09:19:11.864 [pool-2-thread-2] DEBUG net.thucydides.core.reports.ReportService - net.thucydides.core.reports.html.HtmlAcceptanceTestReporter@262dd9cb: Generating report for test outcome: Sanity limpieza y aprovisionamiento de recursos:realizar el cargue de inventario
09:19:11.864 [pool-2-thread-1] DEBUG net.thucydides.core.reports.html.HtmlAcceptanceTestReporter - GENERATE TEST OUTCOME REPORT FOR se quiere ingresar a la plataforma epos in dd8d8ded9644b52fbc86dae313c60166d8b4c2b2da549354520470c10795b41b
09:19:11.864 [pool-2-thread-2] DEBUG net.thucydides.core.reports.html.HtmlAcceptanceTestReporter - GENERATE TEST OUTCOME REPORT FOR realizar el cargue de inventario in c2816aaf72665fe39c1c583ab7f5162d39901ba6984fcbfd421cfd8e526280ac
09:19:11.864 [pool-2-thread-3] DEBUG net.thucydides.core.reports.ReportService - Processing test outcome Sanity limpieza y aprovisionamiento de recursos:realizar la confirmacion de inventario
09:19:11.864 [pool-2-thread-3] DEBUG net.thucydides.core.reports.ReportService - net.thucydides.core.reports.html.HtmlAcceptanceTestReporter@262dd9cb: Generating report for test outcome: Sanity limpieza y aprovisionamiento de recursos:realizar la confirmacion de inventario
09:19:11.864 [pool-2-thread-3] DEBUG net.thucydides.core.reports.html.HtmlAcceptanceTestReporter - GENERATE TEST OUTCOME REPORT FOR realizar la confirmacion de inventario in 8a91845db0a22eb470d492c234c97b8c9dde222ac0d23603d3947e29bb7d10a1
09:19:11.864 [pool-2-thread-4] DEBUG net.thucydides.core.reports.ReportService - Processing test outcome Sanity limpieza y aprovisionamiento de recursos:se requiere realizar una activacion de una linea en prepago
09:19:11.864 [pool-2-thread-4] DEBUG net.thucydides.core.reports.ReportService - net.thucydides.core.reports.html.HtmlAcceptanceTestReporter@262dd9cb: Generating report for test outcome: Sanity limpieza y aprovisionamiento de recursos:se requiere realizar una activacion de una linea en prepago
09:19:11.864 [pool-2-thread-4] DEBUG net.thucydides.core.reports.html.HtmlAcceptanceTestReporter - GENERATE TEST OUTCOME REPORT FOR se requiere realizar una activacion de una linea en prepago in b24b1018ee3dd999113e548415feb5453867a0c876cf6d48e9e407bfaf58972b
09:19:11.879 [pool-2-thread-3] DEBUG net.thucydides.core.requirements.model.cucumber.CucumberParser - Found no Cucumber 4.2.6 class cucumber.runtime.model.FeatureLoader try Cucumber 4.2.0 
09:19:11.879 [pool-2-thread-1] DEBUG net.thucydides.core.requirements.model.cucumber.CucumberParser - Found no Cucumber 4.2.6 class cucumber.runtime.model.FeatureLoader try Cucumber 4.2.0 
09:19:11.879 [pool-2-thread-3] DEBUG net.thucydides.core.requirements.model.cucumber.CucumberParser - Found no Cucumber 4.2.0 class cucumber.runtime.model.FeatureLoader try Cucumber 2.x.x 
09:19:11.879 [pool-2-thread-1] DEBUG net.thucydides.core.requirements.model.cucumber.CucumberParser - Found no Cucumber 4.2.0 class cucumber.runtime.model.FeatureLoader try Cucumber 2.x.x 
09:19:11.881 [pool-2-thread-3] DEBUG net.thucydides.core.requirements.RequirementsTagProvider -  found:[Requirement{name='Sanity limpieza y aprovisionamiento de recursos', type='feature' parent = 'null', cardNumber='null'}]
09:19:11.881 [pool-2-thread-2] DEBUG net.thucydides.core.requirements.RequirementsTagProvider -  found:[Requirement{name='Sanity limpieza y aprovisionamiento de recursos', type='feature' parent = 'null', cardNumber='null'}]
09:19:11.881 [pool-2-thread-1] DEBUG net.thucydides.core.requirements.RequirementsTagProvider -  found:[Requirement{name='Sanity limpieza y aprovisionamiento de recursos', type='feature' parent = 'null', cardNumber='null'}]
09:19:11.881 [pool-2-thread-4] DEBUG net.thucydides.core.requirements.RequirementsTagProvider -  found:[Requirement{name='Sanity limpieza y aprovisionamiento de recursos', type='feature' parent = 'null', cardNumber='null'}]
09:19:11.885 [pool-2-thread-1] DEBUG net.thucydides.core.requirements.BaseRequirementsService - Requirement found for test outcome se quiere ingresar a la plataforma epos-[]: Optional[Requirement{name='Sanity limpieza y aprovisionamiento de recursos', type='feature' parent = 'null', cardNumber='null'}]
09:19:11.885 [pool-2-thread-2] DEBUG net.thucydides.core.requirements.BaseRequirementsService - Requirement found for test outcome realizar el cargue de inventario-[]: Optional[Requirement{name='Sanity limpieza y aprovisionamiento de recursos', type='feature' parent = 'null', cardNumber='null'}]
09:19:11.885 [pool-2-thread-3] DEBUG net.thucydides.core.requirements.BaseRequirementsService - Requirement found for test outcome realizar la confirmacion de inventario-[]: Optional[Requirement{name='Sanity limpieza y aprovisionamiento de recursos', type='feature' parent = 'null', cardNumber='null'}]
09:19:11.885 [pool-2-thread-4] DEBUG net.thucydides.core.requirements.BaseRequirementsService - Requirement found for test outcome se requiere realizar una activacion de una linea en prepago-[]: Optional[Requirement{name='Sanity limpieza y aprovisionamiento de recursos', type='feature' parent = 'null', cardNumber='null'}]
09:19:11.887 [pool-2-thread-1] DEBUG net.thucydides.core.requirements.BaseRequirementsService - Requirement found for test outcome se quiere ingresar a la plataforma epos-[]: Optional[Requirement{name='Sanity limpieza y aprovisionamiento de recursos', type='feature' parent = 'null', cardNumber='null'}]
09:19:11.887 [pool-2-thread-3] DEBUG net.thucydides.core.requirements.BaseRequirementsService - Requirement found for test outcome realizar la confirmacion de inventario-[]: Optional[Requirement{name='Sanity limpieza y aprovisionamiento de recursos', type='feature' parent = 'null', cardNumber='null'}]
09:19:11.887 [pool-2-thread-2] DEBUG net.thucydides.core.requirements.BaseRequirementsService - Requirement found for test outcome realizar el cargue de inventario-[]: Optional[Requirement{name='Sanity limpieza y aprovisionamiento de recursos', type='feature' parent = 'null', cardNumber='null'}]
09:19:11.887 [pool-2-thread-4] DEBUG net.thucydides.core.requirements.BaseRequirementsService - Requirement found for test outcome se requiere realizar una activacion de una linea en prepago-[]: Optional[Requirement{name='Sanity limpieza y aprovisionamiento de recursos', type='feature' parent = 'null', cardNumber='null'}]
09:19:11.913 [pool-2-thread-1] DEBUG net.thucydides.core.requirements.BaseRequirementsService - Requirement found for test outcome se quiere ingresar a la plataforma epos-[]: Optional[Requirement{name='Sanity limpieza y aprovisionamiento de recursos', type='feature' parent = 'null', cardNumber='null'}]
09:19:11.913 [pool-2-thread-2] DEBUG net.thucydides.core.requirements.BaseRequirementsService - Requirement found for test outcome realizar el cargue de inventario-[]: Optional[Requirement{name='Sanity limpieza y aprovisionamiento de recursos', type='feature' parent = 'null', cardNumber='null'}]
09:19:11.913 [pool-2-thread-1] DEBUG net.thucydides.core.requirements.BaseRequirementsService - Requirement found for test outcome se quiere ingresar a la plataforma epos-[]: Optional[Requirement{name='Sanity limpieza y aprovisionamiento de recursos', type='feature' parent = 'null', cardNumber='null'}]
09:19:11.913 [pool-2-thread-2] DEBUG net.thucydides.core.requirements.BaseRequirementsService - Requirement found for test outcome realizar el cargue de inventario-[]: Optional[Requirement{name='Sanity limpieza y aprovisionamiento de recursos', type='feature' parent = 'null', cardNumber='null'}]
09:19:11.926 [pool-2-thread-4] DEBUG net.thucydides.core.requirements.BaseRequirementsService - Requirement found for test outcome se requiere realizar una activacion de una linea en prepago-[]: Optional[Requirement{name='Sanity limpieza y aprovisionamiento de recursos', type='feature' parent = 'null', cardNumber='null'}]
09:19:11.926 [pool-2-thread-4] DEBUG net.thucydides.core.requirements.BaseRequirementsService - Requirement found for test outcome se requiere realizar una activacion de una linea en prepago-[]: Optional[Requirement{name='Sanity limpieza y aprovisionamiento de recursos', type='feature' parent = 'null', cardNumber='null'}]
09:19:11.969 [pool-2-thread-4] DEBUG net.thucydides.core.reports.html.HtmlAcceptanceTestReporter - Generating report in b24b1018ee3dd999113e548415feb5453867a0c876cf6d48e9e407bfaf58972b_screenshots.html
09:19:11.969 [pool-2-thread-2] DEBUG net.thucydides.core.reports.html.HtmlAcceptanceTestReporter - Generating report in c2816aaf72665fe39c1c583ab7f5162d39901ba6984fcbfd421cfd8e526280ac_screenshots.html
09:19:11.969 [pool-2-thread-1] DEBUG net.thucydides.core.reports.html.HtmlAcceptanceTestReporter - Generating report in dd8d8ded9644b52fbc86dae313c60166d8b4c2b2da549354520470c10795b41b_screenshots.html
09:19:11.969 [pool-2-thread-3] DEBUG net.thucydides.core.reports.html.HtmlAcceptanceTestReporter - GENERATING HTML REPORT FOR Sanity limpieza y aprovisionamiento de recursos:realizar la confirmacion de inventario in 8a91845db0a22eb470d492c234c97b8c9dde222ac0d23603d3947e29bb7d10a1.html in directory C:\Sanity Ambientes\PrepaidAutomation\target\site\serenity  
09:19:11.972 [pool-2-thread-3] DEBUG net.thucydides.core.reports.html.HtmlAcceptanceTestReporter - Generating report in 8a91845db0a22eb470d492c234c97b8c9dde222ac0d23603d3947e29bb7d10a1.html
09:19:12.229 [pool-2-thread-3] DEBUG net.thucydides.core.reports.html.HtmlAcceptanceTestReporter - Generated report 8a91845db0a22eb470d492c234c97b8c9dde222ac0d23603d3947e29bb7d10a1.html in 257 ms
09:19:12.229 [pool-2-thread-3] DEBUG net.thucydides.core.reports.ReportService - Processing test outcome Sanity limpieza y aprovisionamiento de recursos:realizar la confirmacion de inventario done
09:19:12.230 [pool-2-thread-1] DEBUG net.thucydides.core.reports.html.HtmlAcceptanceTestReporter - Generated report dd8d8ded9644b52fbc86dae313c60166d8b4c2b2da549354520470c10795b41b_screenshots.html in 261 ms
09:19:12.230 [pool-2-thread-2] DEBUG net.thucydides.core.reports.html.HtmlAcceptanceTestReporter - Generated report c2816aaf72665fe39c1c583ab7f5162d39901ba6984fcbfd421cfd8e526280ac_screenshots.html in 261 ms
09:19:12.230 [pool-2-thread-4] DEBUG net.thucydides.core.reports.html.HtmlAcceptanceTestReporter - Generated report b24b1018ee3dd999113e548415feb5453867a0c876cf6d48e9e407bfaf58972b_screenshots.html in 261 ms
09:19:12.231 [pool-2-thread-1] DEBUG net.thucydides.core.reports.html.HtmlAcceptanceTestReporter - GENERATING HTML REPORT FOR Sanity limpieza y aprovisionamiento de recursos:se quiere ingresar a la plataforma epos in dd8d8ded9644b52fbc86dae313c60166d8b4c2b2da549354520470c10795b41b.html in directory C:\Sanity Ambientes\PrepaidAutomation\target\site\serenity  
09:19:12.231 [pool-2-thread-4] DEBUG net.thucydides.core.reports.html.HtmlAcceptanceTestReporter - GENERATING HTML REPORT FOR Sanity limpieza y aprovisionamiento de recursos:se requiere realizar una activacion de una linea en prepago in b24b1018ee3dd999113e548415feb5453867a0c876cf6d48e9e407bfaf58972b.html in directory C:\Sanity Ambientes\PrepaidAutomation\target\site\serenity  
09:19:12.231 [pool-2-thread-2] DEBUG net.thucydides.core.reports.html.HtmlAcceptanceTestReporter - GENERATING HTML REPORT FOR Sanity limpieza y aprovisionamiento de recursos:realizar el cargue de inventario in c2816aaf72665fe39c1c583ab7f5162d39901ba6984fcbfd421cfd8e526280ac.html in directory C:\Sanity Ambientes\PrepaidAutomation\target\site\serenity  
09:19:12.231 [pool-2-thread-1] DEBUG net.thucydides.core.reports.html.HtmlAcceptanceTestReporter - Generating report in dd8d8ded9644b52fbc86dae313c60166d8b4c2b2da549354520470c10795b41b.html
09:19:12.231 [pool-2-thread-2] DEBUG net.thucydides.core.reports.html.HtmlAcceptanceTestReporter - Generating report in c2816aaf72665fe39c1c583ab7f5162d39901ba6984fcbfd421cfd8e526280ac.html
09:19:12.231 [pool-2-thread-4] DEBUG net.thucydides.core.reports.html.HtmlAcceptanceTestReporter - Generating report in b24b1018ee3dd999113e548415feb5453867a0c876cf6d48e9e407bfaf58972b.html
09:19:12.322 [pool-2-thread-2] DEBUG net.thucydides.core.reports.html.HtmlAcceptanceTestReporter - Generated report c2816aaf72665fe39c1c583ab7f5162d39901ba6984fcbfd421cfd8e526280ac.html in 91 ms
09:19:12.323 [pool-2-thread-2] DEBUG net.thucydides.core.reports.ReportService - Processing test outcome Sanity limpieza y aprovisionamiento de recursos:realizar el cargue de inventario done
09:19:12.334 [pool-2-thread-1] DEBUG net.thucydides.core.reports.html.HtmlAcceptanceTestReporter - Generated report dd8d8ded9644b52fbc86dae313c60166d8b4c2b2da549354520470c10795b41b.html in 103 ms
09:19:12.334 [pool-2-thread-1] DEBUG net.thucydides.core.reports.ReportService - Processing test outcome Sanity limpieza y aprovisionamiento de recursos:se quiere ingresar a la plataforma epos done
09:19:12.382 [pool-2-thread-4] DEBUG net.thucydides.core.reports.html.HtmlAcceptanceTestReporter - Generated report b24b1018ee3dd999113e548415feb5453867a0c876cf6d48e9e407bfaf58972b.html in 151 ms
09:19:12.382 [pool-2-thread-4] DEBUG net.thucydides.core.reports.ReportService - Processing test outcome Sanity limpieza y aprovisionamiento de recursos:se requiere realizar una activacion de una linea en prepago done
09:19:12.382 [Test worker] DEBUG net.thucydides.core.reports.ReportService - Shutting down executor service
09:19:12.382 [Test worker] DEBUG net.thucydides.core.reports.ReportService - Reports generated in: 519 ms
09:19:12.466 [Test worker] DEBUG net.serenitybdd.core.photography.Darkroom - Closing darkroom
09:19:12.466 [Darkroom Processing Line] DEBUG net.serenitybdd.core.photography.DarkroomProcessingLine - Darkroom processing line shutting down

4 Scenarios (?[32m4 passed?[0m)
12 Steps (?[32m12 passed?[0m)
2m46,261s

]]></system-out>
  <system-err><![CDATA[]]></system-err>
</testsuite>
