<?xml version="1.0" encoding="UTF-8"?>
<testsuite name="Sanity limpieza y aprovisionamiento de recursos" tests="1" skipped="0" failures="1" errors="0" timestamp="2022-01-26T22:58:57" hostname="22LAP5CG0525FBR" time="35.461">
  <properties/>
  <testcase name="realizar el cargue de inventario" classname="Sanity limpieza y aprovisionamiento de recursos" time="35.461">
    <failure message="org.openqa.selenium.InvalidSelectorException: Given xpath expression &quot;//span[@id='formMenu:j_id11_span'])&quot; is invalid: SyntaxError: The expression is not a legal expression.&#10;For documentation on this error, please visit: https://www.seleniumhq.org/exceptions/invalid_selector_exception.html&#10;Build info: version: '3.141.59', revision: 'e82be7d358', time: '2018-11-14T08:17:03'&#10;System info: host: '22LAP5CG0525FBR', ip: '10.183.117.133', os.name: 'Windows 10', os.arch: 'amd64', os.version: '10.0', java.version: '1.8.0_291'&#10;Driver info: org.openqa.selenium.firefox.FirefoxDriver&#10;Capabilities {acceptInsecureCerts: true, browserName: firefox, browserVersion: 72.0.2, javascriptEnabled: true, moz:accessibilityChecks: false, moz:buildID: 20200117190643, moz:geckodriverVersion: 0.29.0, moz:headless: false, moz:processID: 10048, moz:profile: C:\Users\nriosa\AppData\Loc..., moz:shutdownTimeout: 60000, moz:useNonSpecCompliantPointerOrigin: false, moz:webdriverClick: true, pageLoadStrategy: normal, platform: WINDOWS, platformName: WINDOWS, platformVersion: 10.0, rotatable: false, setWindowRect: true, strictFileInteractability: false, timeouts: {implicit: 0, pageLoad: 300000, script: 30000}, unhandledPromptBehavior: dismiss and notify}&#10;Session ID: 3abc8bed-384d-427e-88d2-b394d6ce11e3&#10;*** Element info: {Using=xpath, value=//span[@id='formMenu:j_id11_span'])}" type="org.openqa.selenium.InvalidSelectorException">org.openqa.selenium.InvalidSelectorException: Given xpath expression &quot;//span[@id='formMenu:j_id11_span'])&quot; is invalid: SyntaxError: The expression is not a legal expression.
For documentation on this error, please visit: https://www.seleniumhq.org/exceptions/invalid_selector_exception.html
Build info: version: '3.141.59', revision: 'e82be7d358', time: '2018-11-14T08:17:03'
System info: host: '22LAP5CG0525FBR', ip: '10.183.117.133', os.name: 'Windows 10', os.arch: 'amd64', os.version: '10.0', java.version: '1.8.0_291'
Driver info: org.openqa.selenium.firefox.FirefoxDriver
Capabilities {acceptInsecureCerts: true, browserName: firefox, browserVersion: 72.0.2, javascriptEnabled: true, moz:accessibilityChecks: false, moz:buildID: 20200117190643, moz:geckodriverVersion: 0.29.0, moz:headless: false, moz:processID: 10048, moz:profile: C:\Users\nriosa\AppData\Loc..., moz:shutdownTimeout: 60000, moz:useNonSpecCompliantPointerOrigin: false, moz:webdriverClick: true, pageLoadStrategy: normal, platform: WINDOWS, platformName: WINDOWS, platformVersion: 10.0, rotatable: false, setWindowRect: true, strictFileInteractability: false, timeouts: {implicit: 0, pageLoad: 300000, script: 30000}, unhandledPromptBehavior: dismiss and notify}
Session ID: 3abc8bed-384d-427e-88d2-b394d6ce11e3
*** Element info: {Using=xpath, value=//span[@id='formMenu:j_id11_span'])}
	at sun.reflect.NativeConstructorAccessorImpl.newInstance0(Native Method)
	at sun.reflect.NativeConstructorAccessorImpl.newInstance(NativeConstructorAccessorImpl.java:62)
	at sun.reflect.DelegatingConstructorAccessorImpl.newInstance(DelegatingConstructorAccessorImpl.java:45)
	at java.lang.reflect.Constructor.newInstance(Constructor.java:423)
	at org.openqa.selenium.remote.http.W3CHttpResponseCodec.createException(W3CHttpResponseCodec.java:187)
	at org.openqa.selenium.remote.http.W3CHttpResponseCodec.decode(W3CHttpResponseCodec.java:122)
	at org.openqa.selenium.remote.http.W3CHttpResponseCodec.decode(W3CHttpResponseCodec.java:49)
	at org.openqa.selenium.remote.HttpCommandExecutor.execute(HttpCommandExecutor.java:158)
	at org.openqa.selenium.remote.service.DriverCommandExecutor.execute(DriverCommandExecutor.java:83)
	at org.openqa.selenium.remote.RemoteWebDriver.execute(RemoteWebDriver.java:552)
	at org.openqa.selenium.remote.RemoteWebDriver.findElement(RemoteWebDriver.java:323)
	at org.openqa.selenium.remote.RemoteWebDriver.findElementByXPath(RemoteWebDriver.java:428)
	at org.openqa.selenium.By$ByXPath.findElement(By.java:353)
	at org.openqa.selenium.remote.RemoteWebDriver.findElement(RemoteWebDriver.java:315)
	at net.thucydides.core.webdriver.WebDriverFacade.findElement(WebDriverFacade.java:222)
	at com.indra.actions.InventoryAllocationAction.leave(InventoryAllocationAction.java:85)
	at com.indra.steps_definitions.SanitySteps.seIngresaACargueDeInventario(SanitySteps.java:71)
	at ✽.Se ingresa a cargue de inventario(src/test/resources/features/execute.feature:21)
</failure>
  </testcase>
  <system-out><![CDATA[17:58:58.518 [Test worker] INFO net.serenitybdd.core.webdriver.driverproviders.ProvideNewDriver - Instantiating driver
17:58:58.518 [Test worker] INFO net.serenitybdd.core.webdriver.driverproviders.ProvideNewDriver - Driver capabilities: Capabilities {acceptInsecureCerts: true, browserName: firefox, firefox_profile: org.openqa.selenium.firefox..., headless: false, loggingPrefs: org.openqa.selenium.logging..., marionette: true, moz:firefoxOptions: {}, platform: ANY, version: }
17:59:08.334 [Test worker] DEBUG net.serenitybdd.core.photography.Darkroom - Opening darkroom
17:59:08.337 [Darkroom Processing Line] DEBUG net.serenitybdd.core.photography.DarkroomProcessingLine - Darkroom processing line starting up
17:59:08.561 [Test worker] DEBUG net.serenitybdd.core.photography.Darkroom - Send negative for processing for C:\PrepaidAutomation\target\site\serenity\4bbc76345299fee98f37a7b03e7470f7fb5fa9b0230d10d38936344c0abdfb81.png
17:59:08.564 [Darkroom Processing Line] DEBUG net.serenitybdd.core.photography.DarkroomProcessingLine - Processing screenshot image in /var/screenshots/screenshot-3070312773596513812
17:59:08.564 [Darkroom Processing Line] DEBUG net.serenitybdd.core.photography.DarkroomProcessingLine - Saving screenshot to C:\PrepaidAutomation\target\site\serenity\4bbc76345299fee98f37a7b03e7470f7fb5fa9b0230d10d38936344c0abdfb81.png
17:59:27.557 [Test worker] DEBUG net.serenitybdd.core.photography.Darkroom - Send negative for processing for C:\PrepaidAutomation\target\site\serenity\f58b38b4b68b2b1c3381280fb17e7e7e0df6518b850ab64671397610d54a97b2.png
17:59:27.560 [Darkroom Processing Line] DEBUG net.serenitybdd.core.photography.DarkroomProcessingLine - Processing screenshot image in /var/screenshots/screenshot-8267278915591968498
17:59:27.560 [Darkroom Processing Line] DEBUG net.serenitybdd.core.photography.DarkroomProcessingLine - Saving screenshot to C:\PrepaidAutomation\target\site\serenity\f58b38b4b68b2b1c3381280fb17e7e7e0df6518b850ab64671397610d54a97b2.png
17:59:32.954 [Test worker] ERROR net.thucydides.core.steps.ConsoleLoggingListener - ?[91m
           __  _____ _____ ____ _____   _____ _    ___ _     _____ ____  
  _       / / |_   _| ____/ ___|_   _| |  ___/ \  |_ _| |   | ____|  _ \ 
 (_)_____| |    | | |  _| \___ \ | |   | |_ / _ \  | || |   |  _| | | | |
  _|_____| |    | | | |___ ___) || |   |  _/ ___ \ | || |___| |___| |_| |
 (_)     | |    |_| |_____|____/ |_|   |_|/_/   \_\___|_____|_____|____/ 
          \_\                                                            

TEST FAILED WITH ERROR: realizar el cargue de inventario
---------------------------------------------------------------------?[0m
17:59:32.954 [Test worker] DEBUG net.thucydides.core.steps.ConsoleLoggingListener - RELATED ISSUES: 
17:59:33.039 [Test worker] ERROR net.thucydides.core.steps.ConsoleLoggingListener - ?[91mTEST FAILED AT STEP When Se ingresa a cargue de inventario?[0m
17:59:33.039 [Test worker] ERROR net.thucydides.core.steps.ConsoleLoggingListener - Given xpath expression "//span[@id='formMenu:j_id11_span'])" is invalid: SyntaxError: The expression is not a legal expression.
]]></system-out>
  <system-err><![CDATA[ene 26, 2022 5:58:58 PM org.openqa.selenium.remote.DesiredCapabilities firefox
INFORMACIÓN: Using `new FirefoxOptions()` is preferred to `DesiredCapabilities.firefox()`
ene 26, 2022 5:58:58 PM org.openqa.selenium.remote.DesiredCapabilities firefox
INFORMACIÓN: Using `new FirefoxOptions()` is preferred to `DesiredCapabilities.firefox()`
1643237939432	geckodriver	INFO	Listening on 127.0.0.1:2059
1643237939991	mozrunner::runner	INFO	Running command: "C:\\Program Files\\Mozilla Firefox\\firefox.exe" "--marionette" "-foreground" "-no-remote" "-profile" "C:\\Users\\nriosa\\AppData\\Local\\Temp\\rust_mozprofileV8HLp2"
1643237940972	addons.webextension.doh-rollout@mozilla.org	WARN	Loading extension 'doh-rollout@mozilla.org': Reading manifest: Invalid extension permission: networkStatus
1643237941004	addons.webextension.screenshots@mozilla.org	WARN	Loading extension 'screenshots@mozilla.org': Reading manifest: Invalid extension permission: mozillaAddons
1643237941004	addons.webextension.screenshots@mozilla.org	WARN	Loading extension 'screenshots@mozilla.org': Reading manifest: Invalid extension permission: telemetry
1643237941005	addons.webextension.screenshots@mozilla.org	WARN	Loading extension 'screenshots@mozilla.org': Reading manifest: Invalid extension permission: resource://pdf.js/
1643237941005	addons.webextension.screenshots@mozilla.org	WARN	Loading extension 'screenshots@mozilla.org': Reading manifest: Invalid extension permission: about:reader*
JavaScript error: resource://gre/modules/XULStore.jsm, line 66: Error: Can't find profile directory.
1643237943903	Marionette	INFO	Listening on port 49692
1643237944228	Marionette	WARN	TLS certificate errors will be ignored for this session
ene 26, 2022 5:59:04 PM org.openqa.selenium.remote.ProtocolHandshake createSession
INFORMACIÓN: Detected dialect: W3C
JavaScript error: http://10.69.60.77:8180/tigo-pos-web-ii/a4j_3_2_0.SR1-SNAPSHOTorg/ajax4jsf/javascript/scripts/form.js.jsf, line 11: TypeError: element is null
JavaScript error: http://10.69.60.77:8180/tigo-pos-web-ii/a4j_3_2_0.SR1-SNAPSHOTorg/ajax4jsf/javascript/scripts/form.js.jsf, line 11: TypeError: element is null
1643237967968	Marionette	INFO	Stopped listening on port 49692
Extension error: [Exception... "Component not initialized"  nsresult: "0xc1f30001 (NS_ERROR_NOT_INITIALIZED)"  location: "JS frame :: moz-extension://e43c37ae-2e58-47d2-a69c-35663af49645/main.js :: connect :: line 12066"  data: no] undefined 12066
[[Exception stack
connect@moz-extension://e43c37ae-2e58-47d2-a69c-35663af49645/main.js:12066:23
onPortDisconnected@moz-extension://e43c37ae-2e58-47d2-a69c-35663af49645/main.js:20316:30
makeConnection/channel<@moz-extension://e43c37ae-2e58-47d2-a69c-35663af49645/main.js:20289:136
handleDisconnect@moz-extension://e43c37ae-2e58-47d2-a69c-35663af49645/main.js:12172:14
connect/</<@moz-extension://e43c37ae-2e58-47d2-a69c-35663af49645/main.js:12052:63
Current stack
applySafeWithoutClone@resource://gre/modules/ExtensionCommon.jsm:606:13
addListener/asyncWithoutClone/<@resource://gre/modules/ExtensionCommon.jsm:2443:39
]]

###!!! [Child][RunMessage] Error: Channel closing: too late to send/recv, messages will be lost


###!!! [Child][MessageChannel::SendAndWait] Error: Channel error: cannot send/recv

]]></system-err>
</testsuite>
