<?xml version="1.0" encoding="UTF-8"?>
<testsuite name="com.indra.runners.SanityRunners" tests="0" skipped="0" failures="0" errors="0" timestamp="1970-01-01T00:00:00" hostname="22LAP5CD1195R94" time="0.0">
  <properties/>
  <system-out><![CDATA[09:48:33.642 [Test worker] DEBUG net.thucydides.core.util.PropertiesFileLocalPreferences - LOADING LOCAL PROPERTIES FROM C:\Sanity Ambientes\PrepaidAutomation2\serenity.properties 
09:48:33.720 [Test worker] DEBUG net.thucydides.core.util.PropertiesFileLocalPreferences - LOADING LOCAL PROPERTIES FROM C:\Sanity Ambientes\PrepaidAutomation2\serenity.properties 
09:48:33.720 [Test worker] DEBUG net.thucydides.core.util.PropertiesFileLocalPreferences - LOADING LOCAL PROPERTIES FROM C:\Sanity Ambientes\PrepaidAutomation2\serenity.properties 
09:48:33.735 [Test worker] DEBUG net.thucydides.core.util.PropertiesFileLocalPreferences - webdriver.driver=firefox
09:48:33.735 [Test worker] DEBUG net.thucydides.core.util.PropertiesFileLocalPreferences - serenity.console.colors=true
09:48:33.735 [Test worker] DEBUG net.thucydides.core.util.PropertiesFileLocalPreferences - webdriver.gecko.driver=src/test/resources/drivers/geckodriver.exe
09:48:33.735 [Test worker] DEBUG net.thucydides.core.util.PropertiesFileLocalPreferences - webdriver.base.url=http://10.69.60.77:8180/tigo-pos-web/index.jsp
09:48:33.735 [Test worker] DEBUG net.thucydides.core.util.PropertiesFileLocalPreferences - serenity.project.name=servicios Rest_Assured
09:48:33.735 [Test worker] DEBUG net.thucydides.core.util.PropertiesFileLocalPreferences - webdriver.wait.for.timeout=6000
09:48:33.735 [Test worker] DEBUG net.thucydides.core.util.PropertiesFileLocalPreferences - serenity.use.unique.browser=true
09:48:33.735 [Test worker] DEBUG net.thucydides.core.util.PropertiesFileLocalPreferences - webdriver.timeouts.implicitlywait=20000
09:48:33.735 [Test worker] DEBUG net.thucydides.core.util.PropertiesFileLocalPreferences - serenity.browser.maximized=true
09:48:33.735 [Test worker] DEBUG net.thucydides.core.util.PropertiesFileLocalPreferences - firefox.capability.marionette=true
09:48:33.972 [Test worker] DEBUG net.thucydides.core.util.PropertiesFileLocalPreferences - LOADING LOCAL PROPERTIES FROM C:\Sanity Ambientes\PrepaidAutomation2\serenity.properties 
09:48:34.035 [Test worker] DEBUG net.thucydides.core.util.PropertiesFileLocalPreferences - LOADING LOCAL PROPERTIES FROM C:\Sanity Ambientes\PrepaidAutomation2\serenity.properties 
09:48:34.041 [Test worker] DEBUG net.thucydides.core.util.PropertiesFileLocalPreferences - LOADING LOCAL PROPERTIES FROM C:\Sanity Ambientes\PrepaidAutomation2\serenity.properties 
09:48:34.041 [Test worker] DEBUG net.thucydides.core.util.PropertiesFileLocalPreferences - webdriver.driver=firefox
09:48:34.041 [Test worker] DEBUG net.thucydides.core.util.PropertiesFileLocalPreferences - serenity.console.colors=true
09:48:34.041 [Test worker] DEBUG net.thucydides.core.util.PropertiesFileLocalPreferences - webdriver.gecko.driver=src/test/resources/drivers/geckodriver.exe
09:48:34.041 [Test worker] DEBUG net.thucydides.core.util.PropertiesFileLocalPreferences - webdriver.base.url=http://10.69.60.77:8180/tigo-pos-web/index.jsp
09:48:34.041 [Test worker] DEBUG net.thucydides.core.util.PropertiesFileLocalPreferences - serenity.project.name=servicios Rest_Assured
09:48:34.041 [Test worker] DEBUG net.thucydides.core.util.PropertiesFileLocalPreferences - webdriver.wait.for.timeout=6000
09:48:34.041 [Test worker] DEBUG net.thucydides.core.util.PropertiesFileLocalPreferences - serenity.use.unique.browser=true
09:48:34.041 [Test worker] DEBUG net.thucydides.core.util.PropertiesFileLocalPreferences - webdriver.timeouts.implicitlywait=20000
09:48:34.041 [Test worker] DEBUG net.thucydides.core.util.PropertiesFileLocalPreferences - serenity.browser.maximized=true
09:48:34.041 [Test worker] DEBUG net.thucydides.core.util.PropertiesFileLocalPreferences - firefox.capability.marionette=true
09:48:34.041 [Test worker] INFO net.thucydides.core.steps.ConsoleLoggingListener - ?[96m

-------------------------------------------------------------------------------------
     _______. _______ .______       _______ .__   __.  __  .___________.____    ____ 
    /       ||   ____||   _  \     |   ____||  \ |  | |  | |           |\   \  /   / 
   |   (----`|  |__   |  |_)  |    |  |__   |   \|  | |  | `---|  |----` \   \/   /  
    \   \    |   __|  |      /     |   __|  |  . `  | |  |     |  |       \_    _/   
.----)   |   |  |____ |  |\  \----.|  |____ |  |\   | |  |     |  |         |  |     
|_______/    |_______|| _| `._____||_______||__| \__| |__|     |__|         |__|    
                                                                                     
 News and tutorials at http://www.serenity-bdd.info                                  
 Documentation at https://wakaleo.gitbooks.io/the-serenity-book/content/             
 Join the Serenity Community on Rocket Chat at https://serenity-bdd.rocket.chat      
 Serenity BDD Support and Training at http://serenity-bdd.info/#/trainingandsupport  
 Learn Serenity BDD online at http://serenity-dojo.com                               
-------------------------------------------------------------------------------------
?[0m
09:48:34.041 [Test worker] DEBUG net.thucydides.core.steps.StepEventBus - Test suite started for story net.thucydides.core.model.Story@6fe68030
09:48:34.041 [Test worker] INFO net.thucydides.core.steps.ConsoleLoggingListener - Test Suite Started: Sanity limpieza y aprovisionamiento de recursos
09:48:34.073 [Test worker] INFO net.thucydides.core.steps.ConsoleLoggingListener - 
 _____ _____ ____ _____   ____ _____  _    ____ _____ _____ ____  
|_   _| ____/ ___|_   _| / ___|_   _|/ \  |  _ \_   _| ____|  _ \ 
  | | |  _| \___ \ | |   \___ \ | | / _ \ | |_) || | |  _| | | | |
  | | | |___ ___) || |    ___) || |/ ___ \|  _ < | | | |___| |_| |
  |_| |_____|____/ |_|   |____/ |_/_/   \_\_| \_\|_| |_____|____/ 
                                                                  

TEST STARTED: realizar el cargue de inventario
-------------------------------------------------------------------(sanity-limpieza-y-aprovisionamiento-de-recursos;realizar-el-cargue-de-inventario)
09:48:34.121 [Test worker] DEBUG net.thucydides.core.requirements.model.cucumber.CucumberParser - Found no Cucumber 4.2.6 class cucumber.runtime.model.FeatureLoader try Cucumber 4.2.0 
09:48:34.121 [Test worker] DEBUG net.thucydides.core.requirements.model.cucumber.CucumberParser - Found no Cucumber 4.2.0 class cucumber.runtime.model.FeatureLoader try Cucumber 2.x.x 
09:49:27.026 [Test worker] DEBUG net.thucydides.core.reports.ReportService - Reporting formats: [JSON, HTML]
09:49:27.074 [Test worker] DEBUG net.thucydides.core.reports.ReportService - Reporting formats: [JSON, HTML]
09:49:27.107 [Test worker] DEBUG net.thucydides.core.reports.ReportService - Generating reports for 1 test outcomes using: net.thucydides.core.reports.json.JSONTestOutcomeReporter@635f6cf4
09:49:27.107 [pool-1-thread-1] DEBUG net.thucydides.core.reports.ReportService - Processing test outcome Sanity limpieza y aprovisionamiento de recursos:realizar el cargue de inventario
09:49:27.107 [pool-1-thread-1] DEBUG net.thucydides.core.reports.ReportService - net.thucydides.core.reports.json.JSONTestOutcomeReporter@635f6cf4: Generating report for test outcome: Sanity limpieza y aprovisionamiento de recursos:realizar el cargue de inventario
09:49:27.107 [pool-1-thread-1] DEBUG net.thucydides.core.reports.json.JSONTestOutcomeReporter - Generating JSON report for realizar el cargue de inventario to file C:\Sanity Ambientes\PrepaidAutomation2\target\site\serenity\c2816aaf72665fe39c1c583ab7f5162d39901ba6984fcbfd421cfd8e526280ac.json (using temp file C:\Sanity Ambientes\PrepaidAutomation2\target\site\serenity\c2816aaf72665fe39c1c583ab7f5162d39901ba6984fcbfd421cfd8e526280ac.jsonacd835f4-d268-43cf-aea0-d639156fc33e)
09:49:27.140 [pool-1-thread-1] DEBUG net.thucydides.core.reports.ReportService - Processing test outcome Sanity limpieza y aprovisionamiento de recursos:realizar el cargue de inventario done
09:49:27.140 [Test worker] DEBUG net.thucydides.core.reports.ReportService - Shutting down executor service
09:49:27.140 [Test worker] DEBUG net.thucydides.core.reports.ReportService - Reports generated in: 33 ms
09:49:27.140 [Test worker] DEBUG net.thucydides.core.reports.ReportService - Generating reports for 1 test outcomes using: net.thucydides.core.reports.html.HtmlAcceptanceTestReporter@6f85db09
09:49:27.140 [pool-2-thread-1] DEBUG net.thucydides.core.reports.ReportService - Processing test outcome Sanity limpieza y aprovisionamiento de recursos:realizar el cargue de inventario
09:49:27.140 [pool-2-thread-1] DEBUG net.thucydides.core.reports.ReportService - net.thucydides.core.reports.html.HtmlAcceptanceTestReporter@6f85db09: Generating report for test outcome: Sanity limpieza y aprovisionamiento de recursos:realizar el cargue de inventario
09:49:27.140 [pool-2-thread-1] DEBUG net.thucydides.core.reports.html.HtmlAcceptanceTestReporter - GENERATE TEST OUTCOME REPORT FOR realizar el cargue de inventario in c2816aaf72665fe39c1c583ab7f5162d39901ba6984fcbfd421cfd8e526280ac
09:49:27.161 [pool-2-thread-1] DEBUG net.thucydides.core.requirements.model.cucumber.CucumberParser - Found no Cucumber 4.2.6 class cucumber.runtime.model.FeatureLoader try Cucumber 4.2.0 
09:49:27.161 [pool-2-thread-1] DEBUG net.thucydides.core.requirements.model.cucumber.CucumberParser - Found no Cucumber 4.2.0 class cucumber.runtime.model.FeatureLoader try Cucumber 2.x.x 
09:49:27.163 [pool-2-thread-1] DEBUG net.thucydides.core.requirements.RequirementsTagProvider -  found:[Requirement{name='Sanity limpieza y aprovisionamiento de recursos', type='feature' parent = 'null', cardNumber='null'}]
09:49:27.167 [pool-2-thread-1] DEBUG net.thucydides.core.requirements.BaseRequirementsService - Requirement found for test outcome realizar el cargue de inventario-[]: Optional[Requirement{name='Sanity limpieza y aprovisionamiento de recursos', type='feature' parent = 'null', cardNumber='null'}]
09:49:27.168 [pool-2-thread-1] DEBUG net.thucydides.core.requirements.BaseRequirementsService - Requirement found for test outcome realizar el cargue de inventario-[]: Optional[Requirement{name='Sanity limpieza y aprovisionamiento de recursos', type='feature' parent = 'null', cardNumber='null'}]
09:49:27.204 [pool-2-thread-1] DEBUG net.thucydides.core.requirements.BaseRequirementsService - Requirement found for test outcome realizar el cargue de inventario-[]: Optional[Requirement{name='Sanity limpieza y aprovisionamiento de recursos', type='feature' parent = 'null', cardNumber='null'}]
09:49:27.204 [pool-2-thread-1] DEBUG net.thucydides.core.requirements.BaseRequirementsService - Requirement found for test outcome realizar el cargue de inventario-[]: Optional[Requirement{name='Sanity limpieza y aprovisionamiento de recursos', type='feature' parent = 'null', cardNumber='null'}]
09:49:27.256 [pool-2-thread-1] DEBUG net.thucydides.core.reports.html.HtmlAcceptanceTestReporter - Generating report in c2816aaf72665fe39c1c583ab7f5162d39901ba6984fcbfd421cfd8e526280ac_screenshots.html
09:49:27.474 [pool-2-thread-1] DEBUG net.thucydides.core.reports.html.HtmlAcceptanceTestReporter - Generated report c2816aaf72665fe39c1c583ab7f5162d39901ba6984fcbfd421cfd8e526280ac_screenshots.html in 218 ms
09:49:27.474 [pool-2-thread-1] DEBUG net.thucydides.core.reports.html.HtmlAcceptanceTestReporter - GENERATING HTML REPORT FOR Sanity limpieza y aprovisionamiento de recursos:realizar el cargue de inventario in c2816aaf72665fe39c1c583ab7f5162d39901ba6984fcbfd421cfd8e526280ac.html in directory C:\Sanity Ambientes\PrepaidAutomation2\target\site\serenity  
09:49:27.474 [pool-2-thread-1] DEBUG net.thucydides.core.reports.html.HtmlAcceptanceTestReporter - Generating report in c2816aaf72665fe39c1c583ab7f5162d39901ba6984fcbfd421cfd8e526280ac.html
09:49:27.550 [pool-2-thread-1] DEBUG net.thucydides.core.reports.html.HtmlAcceptanceTestReporter - Generated report c2816aaf72665fe39c1c583ab7f5162d39901ba6984fcbfd421cfd8e526280ac.html in 76 ms
09:49:27.551 [pool-2-thread-1] DEBUG net.thucydides.core.reports.ReportService - Processing test outcome Sanity limpieza y aprovisionamiento de recursos:realizar el cargue de inventario done
09:49:27.551 [Test worker] DEBUG net.thucydides.core.reports.ReportService - Shutting down executor service
09:49:27.551 [Test worker] DEBUG net.thucydides.core.reports.ReportService - Reports generated in: 411 ms
09:49:27.685 [Test worker] DEBUG net.serenitybdd.core.photography.Darkroom - Closing darkroom
09:49:27.685 [Darkroom Processing Line] DEBUG net.serenitybdd.core.photography.DarkroomProcessingLine - Darkroom processing line shutting down

?[31mFailed scenarios:?[0m
?[31msrc/test/resources/features/execute.feature:17 ?[0m# realizar el cargue de inventario

1 Scenarios (?[31m1 failed?[0m)
3 Steps (?[31m1 failed?[0m, ?[36m1 skipped?[0m, ?[32m1 passed?[0m)
0m53,130s

org.openqa.selenium.NoSuchElementException: Timed out after 20 seconds. Element not found
For documentation on this error, please visit: https://www.seleniumhq.org/exceptions/no_such_element.html
Build info: version: '3.141.59', revision: 'e82be7d358', time: '2018-11-14T08:17:03'
System info: host: '22LAP5CD1195R94', ip: '192.168.0.9', os.name: 'Windows 10', os.arch: 'amd64', os.version: '10.0', java.version: '1.8.0_301'
Driver info: driver.version: unknown
	at net.thucydides.core.annotations.locators.SmartAjaxElementLocator.ajaxFindElement(SmartAjaxElementLocator.java:166)
	at net.thucydides.core.annotations.locators.SmartAjaxElementLocator.findElement(SmartAjaxElementLocator.java:118)
	at net.serenitybdd.core.pages.WebElementResolverByElementLocator.resolveForDriver(WebElementResolverByElementLocator.java:30)
	at net.serenitybdd.core.pages.WebElementFacadeImpl.getElement(WebElementFacadeImpl.java:221)
	at net.serenitybdd.core.pages.WebElementFacadeImpl.getText(WebElementFacadeImpl.java:1118)
	at sun.reflect.NativeMethodAccessorImpl.invoke0(Native Method)
	at sun.reflect.NativeMethodAccessorImpl.invoke(NativeMethodAccessorImpl.java:62)
	at sun.reflect.DelegatingMethodAccessorImpl.invoke(DelegatingMethodAccessorImpl.java:43)
	at java.lang.reflect.Method.invoke(Method.java:498)
	at net.thucydides.core.annotations.locators.AbstractSingleItemHandler.invoke(AbstractSingleItemHandler.java:45)
	at com.sun.proxy.$Proxy27.getText(Unknown Source)
	at com.indra.actions.InventoryAllocationAction.seller(InventoryAllocationAction.java:44)
	at com.indra.actions.InventoryAllocationAction.loadInventory(InventoryAllocationAction.java:34)
	at com.indra.steps_definitions.SanitySteps.seIngresaACargueDeInventario(SanitySteps.java:66)
	at ?.Se ingresa a cargue de inventario(src/test/resources/features/execute.feature:21)

]]></system-out>
  <system-err><![CDATA[]]></system-err>
</testsuite>
