<?xml version="1.0" encoding="UTF-8"?>
<testsuite name="Sanity limpieza y aprovisionamiento de recursos" tests="1" skipped="1" failures="0" errors="0" timestamp="2022-01-25T21:31:21" hostname="22LAP5CG0525FBR" time="0.152">
  <properties/>
  <testcase name="se requiere realizar una activacion de una linea en prepago" classname="Sanity limpieza y aprovisionamiento de recursos" time="0.152">
    <skipped/>
  </testcase>
  <system-out><![CDATA[16:31:21.631 [Test worker] INFO net.thucydides.core.steps.ConsoleLoggingListener - ?[96mTEST PENDING?[0m
16:31:21.653 [Test worker] INFO net.thucydides.core.steps.ConsoleLoggingListener - ?[96m
          __  _____ _____ ____ _____   ____  _____ _   _ ____ ___ _   _  ____ 
 _       / / |_   _| ____/ ___|_   _| |  _ \| ____| \ | |  _ \_ _| \ | |/ ___|
(_)____ / /    | | |  _| \___ \ | |   | |_) |  _| |  \| | | | | ||  \| | |  _ 
 |_____/ /     | | | |___ ___) || |   |  __/| |___| |\  | |_| | || |\  | |_| |
(_)   /_/      |_| |_____|____/ |_|   |_|   |_____|_| \_|____/___|_| \_|\____|
                                                                                

TEST PENDING: se requiere realizar una activacion de una linea en prepago
---------------------------------------------------------------------------------?[0m
]]></system-out>
  <system-err><![CDATA[]]></system-err>
</testsuite>
