<?xml version="1.0" encoding="UTF-8"?>
<testsuite name="Sanity limpieza y aprovisionamiento de recursos" tests="1" skipped="0" failures="1" errors="0" timestamp="2022-01-27T19:46:06" hostname="22LAP5CD1195R94" time="51.085">
  <properties/>
  <testcase name="se requiere realizar una activacion de una linea en prepago" classname="Sanity limpieza y aprovisionamiento de recursos" time="51.085">
    <failure message="java.lang.AssertionError: La activacion fue exitosa&#10;Expected: &quot;ACTIVACION EXITOSA!&quot;&#10;     but: was &quot;ACTIVACION EXITOSA&quot;" type="java.lang.AssertionError">java.lang.AssertionError: La activacion fue exitosa
Expected: &quot;ACTIVACION EXITOSA!&quot;
     but: was &quot;ACTIVACION EXITOSA&quot;
	at org.hamcrest.MatcherAssert.assertThat(MatcherAssert.java:20)
	at com.indra.actions.PrepaidActivationActions.demographicInformation(PrepaidActivationActions.java:61)
	at com.indra.steps_definitions.SanitySteps.seHaceActivacionDeUnaLineaEnPrepago(SanitySteps.java:106)
	at ✽.Se hace activacion de una linea en prepago(src/test/resources/features/execute.feature:36)
</failure>
  </testcase>
  <system-out><![CDATA[14:46:07.363 [Test worker] INFO net.serenitybdd.core.webdriver.driverproviders.ProvideNewDriver - Instantiating driver
14:46:07.363 [Test worker] INFO net.serenitybdd.core.webdriver.driverproviders.ProvideNewDriver - Driver capabilities: Capabilities {acceptInsecureCerts: true, browserName: firefox, firefox_profile: org.openqa.selenium.firefox..., headless: false, loggingPrefs: org.openqa.selenium.logging..., marionette: true, moz:firefoxOptions: {}, platform: ANY, version: }
14:46:13.979 [Test worker] DEBUG net.serenitybdd.core.photography.Darkroom - Opening darkroom
14:46:13.980 [Darkroom Processing Line] DEBUG net.serenitybdd.core.photography.DarkroomProcessingLine - Darkroom processing line starting up
14:46:14.145 [Test worker] DEBUG net.serenitybdd.core.photography.Darkroom - Send negative for processing for C:\Sanity Ambientes\PrepaidAutomation\target\site\serenity\eb5662727f933fd0a4acd45e9af08ec62cba17041b7b3bf67bbf1c84f5d1374f.png
14:46:54.526 [Test worker] DEBUG net.serenitybdd.core.photography.Darkroom - Send negative for processing for C:\Sanity Ambientes\PrepaidAutomation\target\site\serenity\7d4e17379a01a12f50d332c0852120a995bd4af77f38e964f9c887d437bf98b2.png
14:46:54.527 [Darkroom Processing Line] DEBUG net.serenitybdd.core.photography.DarkroomProcessingLine - Processing screenshot image in /var/screenshots/screenshot-3700559032503820567
14:46:54.528 [Darkroom Processing Line] DEBUG net.serenitybdd.core.photography.DarkroomProcessingLine - Saving screenshot to C:\Sanity Ambientes\PrepaidAutomation\target\site\serenity\7d4e17379a01a12f50d332c0852120a995bd4af77f38e964f9c887d437bf98b2.png
14:46:57.513 [Test worker] ERROR net.thucydides.core.steps.ConsoleLoggingListener - ?[91m
           __  _____ _____ ____ _____   _____ _    ___ _     _____ ____  
  _       / / |_   _| ____/ ___|_   _| |  ___/ \  |_ _| |   | ____|  _ \ 
 (_)_____| |    | | |  _| \___ \ | |   | |_ / _ \  | || |   |  _| | | | |
  _|_____| |    | | | |___ ___) || |   |  _/ ___ \ | || |___| |___| |_| |
 (_)     | |    |_| |_____|____/ |_|   |_|/_/   \_\___|_____|_____|____/ 
          \_\                                                            

TEST FAILED: se requiere realizar una activacion de una linea en prepago
--------------------------------------------------------------------------?[0m
14:46:57.517 [Test worker] DEBUG net.thucydides.core.steps.ConsoleLoggingListener - RELATED ISSUES: 
14:46:57.566 [Test worker] ERROR net.thucydides.core.steps.ConsoleLoggingListener - ?[91mTEST FAILED AT STEP When Se hace activacion de una linea en prepago?[0m
14:46:57.566 [Test worker] ERROR net.thucydides.core.steps.ConsoleLoggingListener - La activacion fue exitosaExpected: "ACTIVACION EXITOSA!" but: was "ACTIVACION EXITOSA"
]]></system-out>
  <system-err><![CDATA[ene 27, 2022 2:46:07 PM org.openqa.selenium.remote.DesiredCapabilities firefox
INFORMACIÓN: Using `new FirefoxOptions()` is preferred to `DesiredCapabilities.firefox()`
ene 27, 2022 2:46:07 PM org.openqa.selenium.remote.DesiredCapabilities firefox
INFORMACIÓN: Using `new FirefoxOptions()` is preferred to `DesiredCapabilities.firefox()`
1643312768029	geckodriver	INFO	Listening on 127.0.0.1:30897
1643312768537	mozrunner::runner	INFO	Running command: "C:\\Program Files\\Mozilla Firefox\\firefox.exe" "--marionette" "-foreground" "-no-remote" "-profile" "C:\\Users\\PROJEC~1\\AppData\\Local\\Temp\\rust_mozprofileuTdGNM"
1643312769061	addons.webextension.doh-rollout@mozilla.org	WARN	Loading extension 'doh-rollout@mozilla.org': Reading manifest: Invalid extension permission: networkStatus
1643312769082	addons.webextension.screenshots@mozilla.org	WARN	Loading extension 'screenshots@mozilla.org': Reading manifest: Invalid extension permission: mozillaAddons
1643312769082	addons.webextension.screenshots@mozilla.org	WARN	Loading extension 'screenshots@mozilla.org': Reading manifest: Invalid extension permission: telemetry
1643312769082	addons.webextension.screenshots@mozilla.org	WARN	Loading extension 'screenshots@mozilla.org': Reading manifest: Invalid extension permission: resource://pdf.js/
1643312769083	addons.webextension.screenshots@mozilla.org	WARN	Loading extension 'screenshots@mozilla.org': Reading manifest: Invalid extension permission: about:reader*
JavaScript error: resource://gre/modules/XULStore.jsm, line 66: Error: Can't find profile directory.
1643312770438	Marionette	INFO	Listening on port 57119
1643312770811	Marionette	WARN	TLS certificate errors will be ignored for this session
ene 27, 2022 2:46:10 PM org.openqa.selenium.remote.ProtocolHandshake createSession
INFORMACIÓN: Detected dialect: W3C
JavaScript error: http://10.69.60.85:8280/portal/scripts/3.8.16.Final-redhat-1/SHARED/bootstrap-min.js, line 7: Error: Script error for: SHARED/jquery
http://requirejs.org/docs/errors.html#scripterror
JavaScript error: http://10.69.60.85:8280/portal/scripts/3.8.16.Final-redhat-1/SHARED/bootstrap-min.js, line 7: Error: Script error for: SHARED/base
http://requirejs.org/docs/errors.html#scripterror
JavaScript error: http://10.69.60.85:8280/portal/scripts/3.8.16.Final-redhat-1/SHARED/bootstrap-min.js, line 7: Error: Script error for: SHARED/navigation
http://requirejs.org/docs/errors.html#scripterror
JavaScript warning: http://10.69.60.85:8280/portal/CRMPortal/Consultas?portal:windowState=normal&portal:componentId=gtnc323725e-6efe-4037-9f93-1bc06edfa941&portal:resourceID=/org.rf.res/org/richfaces/ui.pack.js&portal:cacheLevel=PAGE&portal:type=resource&portal:portletMode=view, line 10431: unreachable code after return statement
JavaScript warning: http://10.69.60.85:8280/portal/CRMPortal/Consultas?portal:windowState=normal&portal:componentId=gtnc323725e-6efe-4037-9f93-1bc06edfa941&portal:resourceID=/org.rf.res/org/richfaces/ui.pack.js&portal:cacheLevel=PAGE&portal:type=resource&portal:portletMode=view, line 10431: unreachable code after return statement
JavaScript error: http://10.69.60.85:8280/portal/CRMPortal/Consultas, line 1: ReferenceError: setIframeListeners is not defined
JavaScript warning: http://10.69.60.85:8280/portal/CRMPortal/Venta?portal:windowState=normal&portal:componentId=gtn1dfca009-52ed-45cd-a543-6660573bef81&portal:resourceID=/org.rf.res/org/richfaces/ui.pack.js&portal:cacheLevel=PAGE&portal:type=resource&portal:portletMode=view, line 10431: unreachable code after return statement
JavaScript warning: http://10.69.60.85:8280/portal/CRMPortal/Venta?portal:windowState=normal&portal:componentId=gtn1dfca009-52ed-45cd-a543-6660573bef81&portal:resourceID=/org.rf.res/org/richfaces/ui.pack.js&portal:cacheLevel=PAGE&portal:type=resource&portal:portletMode=view, line 10431: unreachable code after return statement
JavaScript error: http://10.69.60.85:8280/portal/CRMPortal/Venta, line 1: ReferenceError: setIframeListeners is not defined
JavaScript error: http://10.69.60.85:8280/portal/CRMPortal/Venta, line 1: ReferenceError: setIframeListeners is not defined
JavaScript error: http://10.69.60.85:8280/portal/CRMPortal/Venta, line 1: ReferenceError: setIframeListeners is not defined
JavaScript error: http://10.69.60.85:8280/portal/CRMPortal/Venta, line 1: ReferenceError: setIframeListeners is not defined
1643312814800	Marionette	INFO	Stopped listening on port 57119
Extension error: [Exception... "Component not initialized"  nsresult: "0xc1f30001 (NS_ERROR_NOT_INITIALIZED)"  location: "JS frame :: moz-extension://d6af5365-cbc1-49b9-8d27-3527f94e839e/main.js :: connect :: line 12066"  data: no] undefined 12066
[[Exception stack
connect@moz-extension://d6af5365-cbc1-49b9-8d27-3527f94e839e/main.js:12066:23
onPortDisconnected@moz-extension://d6af5365-cbc1-49b9-8d27-3527f94e839e/main.js:20316:30
makeConnection/channel<@moz-extension://d6af5365-cbc1-49b9-8d27-3527f94e839e/main.js:20289:136
handleDisconnect@moz-extension://d6af5365-cbc1-49b9-8d27-3527f94e839e/main.js:12172:14
connect/</<@moz-extension://d6af5365-cbc1-49b9-8d27-3527f94e839e/main.js:12052:63
Current stack
applySafeWithoutClone@resource://gre/modules/ExtensionCommon.jsm:606:13
addListener/asyncWithoutClone/<@resource://gre/modules/ExtensionCommon.jsm:2443:39
]]

###!!! [Child][RunMessage] Error: Channel closing: too late to send/recv, messages will be lost


###!!! [Child][MessageChannel::SendAndWait] Error: Channel error: cannot send/recv

]]></system-err>
</testsuite>
