<?xml version="1.0" encoding="UTF-8"?>
<testsuite name="Sanity limpieza y aprovisionamiento de recursos" tests="1" skipped="0" failures="0" errors="0" timestamp="2022-01-26T14:25:55" hostname="22LAP5CG0525FBR" time="20.785">
  <properties/>
  <testcase name="se requiere realizar una activacion de una linea en prepago" classname="Sanity limpieza y aprovisionamiento de recursos" time="20.785"/>
  <system-out><![CDATA[09:25:57.794 [Test worker] INFO net.serenitybdd.core.webdriver.driverproviders.ProvideNewDriver - Instantiating driver
09:25:57.794 [Test worker] INFO net.serenitybdd.core.webdriver.driverproviders.ProvideNewDriver - Driver capabilities: Capabilities {acceptInsecureCerts: true, browserName: firefox, firefox_profile: org.openqa.selenium.firefox..., headless: false, loggingPrefs: org.openqa.selenium.logging..., marionette: true, moz:firefoxOptions: {}, platform: ANY, version: }
09:26:09.924 [Test worker] DEBUG net.serenitybdd.core.photography.Darkroom - Opening darkroom
09:26:09.927 [Darkroom Processing Line] DEBUG net.serenitybdd.core.photography.DarkroomProcessingLine - Darkroom processing line starting up
09:26:10.223 [Test worker] DEBUG net.serenitybdd.core.photography.Darkroom - Send negative for processing for C:\PrepaidAutomation\target\site\serenity\6a49cd90ddbe7930541c42e06289f35caf44060d5afbc342a39e87b1c797d531.png
09:26:10.226 [Darkroom Processing Line] DEBUG net.serenitybdd.core.photography.DarkroomProcessingLine - Processing screenshot image in /var/screenshots/screenshot-236545324607393486
09:26:10.227 [Darkroom Processing Line] DEBUG net.serenitybdd.core.photography.DarkroomProcessingLine - Saving screenshot to C:\PrepaidAutomation\target\site\serenity\6a49cd90ddbe7930541c42e06289f35caf44060d5afbc342a39e87b1c797d531.png
09:26:10.415 [Test worker] DEBUG net.serenitybdd.core.photography.Darkroom - Send negative for processing for C:\PrepaidAutomation\target\site\serenity\6a49cd90ddbe7930541c42e06289f35caf44060d5afbc342a39e87b1c797d531.png
09:26:10.595 [Test worker] DEBUG net.serenitybdd.core.photography.Darkroom - Send negative for processing for C:\PrepaidAutomation\target\site\serenity\6a49cd90ddbe7930541c42e06289f35caf44060d5afbc342a39e87b1c797d531.png
09:26:16.491 [Test worker] INFO net.thucydides.core.steps.ConsoleLoggingListener - ?[92m
        __    _____ _____ ____ _____   ____   _    ____  ____  _____ ____  
  _     \ \  |_   _| ____/ ___|_   _| |  _ \ / \  / ___|/ ___|| ____|  _ \ 
 (_)_____| |   | | |  _| \___ \ | |   | |_) / _ \ \___ \\___ \|  _| | | | |
  _|_____| |   | | | |___ ___) || |   |  __/ ___ \ ___) |___) | |___| |_| |
 (_)     | |   |_| |_____|____/ |_|   |_| /_/   \_\____/|____/|_____|____/ 
        /_/                                                                

TEST PASSED: se requiere realizar una activacion de una linea en prepago
----------------------------------------------------------------------------?[0m
]]></system-out>
  <system-err><![CDATA[ene 26, 2022 9:25:56 AM org.openqa.selenium.remote.DesiredCapabilities firefox
INFORMACIÓN: Using `new FirefoxOptions()` is preferred to `DesiredCapabilities.firefox()`
ene 26, 2022 9:25:56 AM org.openqa.selenium.remote.DesiredCapabilities firefox
INFORMACIÓN: Using `new FirefoxOptions()` is preferred to `DesiredCapabilities.firefox()`
1643207159138	geckodriver	INFO	Listening on 127.0.0.1:45098
1643207159659	mozrunner::runner	INFO	Running command: "C:\\Program Files\\Mozilla Firefox\\firefox.exe" "--marionette" "-foreground" "-no-remote" "-profile" "C:\\Users\\nriosa\\AppData\\Local\\Temp\\rust_mozprofileAZx8Rj"
1643207161487	addons.webextension.doh-rollout@mozilla.org	WARN	Loading extension 'doh-rollout@mozilla.org': Reading manifest: Invalid extension permission: networkStatus
1643207161548	addons.webextension.screenshots@mozilla.org	WARN	Loading extension 'screenshots@mozilla.org': Reading manifest: Invalid extension permission: mozillaAddons
1643207161549	addons.webextension.screenshots@mozilla.org	WARN	Loading extension 'screenshots@mozilla.org': Reading manifest: Invalid extension permission: telemetry
1643207161549	addons.webextension.screenshots@mozilla.org	WARN	Loading extension 'screenshots@mozilla.org': Reading manifest: Invalid extension permission: resource://pdf.js/
1643207161549	addons.webextension.screenshots@mozilla.org	WARN	Loading extension 'screenshots@mozilla.org': Reading manifest: Invalid extension permission: about:reader*
JavaScript error: resource://gre/modules/XULStore.jsm, line 66: Error: Can't find profile directory.
1643207166090	Marionette	INFO	Listening on port 52523
1643207166133	Marionette	WARN	TLS certificate errors will be ignored for this session
ene 26, 2022 9:26:06 AM org.openqa.selenium.remote.ProtocolHandshake createSession
INFORMACIÓN: Detected dialect: W3C
1643207170911	Marionette	INFO	Stopped listening on port 52523

###!!! [Child][RunMessage] Error: Channel closing: too late to send/recv, messages will be lost


###!!! [Child][MessageChannel::SendAndWait] Error: Channel error: cannot send/recv

]]></system-err>
</testsuite>
