<?xml version="1.0" encoding="UTF-8"?>
<testsuite name="Sanity limpieza y aprovisionamiento de recursos" tests="1" skipped="0" failures="1" errors="0" timestamp="2022-01-27T20:02:38" hostname="22LAP5CD1195R94" time="13.89">
  <properties/>
  <testcase name="se requiere realizar una activacion de una linea en prepago" classname="Sanity limpieza y aprovisionamiento de recursos" time="13.89">
    <failure message="java.lang.AssertionError: el plan es prepago&#10;Expected: a string containing &quot;debe fallar&quot;&#10;     but: was &quot;Plan Tigo Prepago Tarifa Plana 3&quot;" type="java.lang.AssertionError">java.lang.AssertionError: el plan es prepago
Expected: a string containing &quot;debe fallar&quot;
     but: was &quot;Plan Tigo Prepago Tarifa Plana 3&quot;
	at org.hamcrest.MatcherAssert.assertThat(MatcherAssert.java:20)
	at com.indra.actions.PrepaidActivationActions.consultSingleScreen(PrepaidActivationActions.java:73)
	at com.indra.steps_definitions.SanitySteps.seDeberiaVerEnPantallaUnicaLaLineaActivaEnPrepago(SanitySteps.java:111)
	at ✽.Se deberia ver en pantalla unica la linea activa en prepago(src/test/resources/features/execute.feature:37)
</failure>
  </testcase>
  <system-out><![CDATA[15:02:39.523 [Test worker] INFO net.serenitybdd.core.webdriver.driverproviders.ProvideNewDriver - Instantiating driver
15:02:39.524 [Test worker] INFO net.serenitybdd.core.webdriver.driverproviders.ProvideNewDriver - Driver capabilities: Capabilities {acceptInsecureCerts: true, browserName: firefox, firefox_profile: org.openqa.selenium.firefox..., headless: false, loggingPrefs: org.openqa.selenium.logging..., marionette: true, moz:firefoxOptions: {}, platform: ANY, version: }
15:02:45.875 [Test worker] DEBUG net.serenitybdd.core.photography.Darkroom - Opening darkroom
15:02:45.876 [Darkroom Processing Line] DEBUG net.serenitybdd.core.photography.DarkroomProcessingLine - Darkroom processing line starting up
15:02:46.058 [Test worker] DEBUG net.serenitybdd.core.photography.Darkroom - Send negative for processing for C:\Sanity Ambientes\PrepaidAutomation\target\site\serenity\eb5662727f933fd0a4acd45e9af08ec62cba17041b7b3bf67bbf1c84f5d1374f.png
15:02:49.600 [Test worker] DEBUG net.serenitybdd.core.photography.Darkroom - Send negative for processing for C:\Sanity Ambientes\PrepaidAutomation\target\site\serenity\fcfb1e62324377e83c061649d3a5b82e42040bb8ace929c731a6d2d42382fdce.png
15:02:49.602 [Darkroom Processing Line] DEBUG net.serenitybdd.core.photography.DarkroomProcessingLine - Processing screenshot image in /var/screenshots/screenshot-6938534684692629490
15:02:49.602 [Darkroom Processing Line] DEBUG net.serenitybdd.core.photography.DarkroomProcessingLine - Saving screenshot to C:\Sanity Ambientes\PrepaidAutomation\target\site\serenity\fcfb1e62324377e83c061649d3a5b82e42040bb8ace929c731a6d2d42382fdce.png
15:02:52.478 [Test worker] ERROR net.thucydides.core.steps.ConsoleLoggingListener - ?[91m
           __  _____ _____ ____ _____   _____ _    ___ _     _____ ____  
  _       / / |_   _| ____/ ___|_   _| |  ___/ \  |_ _| |   | ____|  _ \ 
 (_)_____| |    | | |  _| \___ \ | |   | |_ / _ \  | || |   |  _| | | | |
  _|_____| |    | | | |___ ___) || |   |  _/ ___ \ | || |___| |___| |_| |
 (_)     | |    |_| |_____|____/ |_|   |_|/_/   \_\___|_____|_____|____/ 
          \_\                                                            

TEST FAILED: se requiere realizar una activacion de una linea en prepago
--------------------------------------------------------------------------?[0m
15:02:52.482 [Test worker] DEBUG net.thucydides.core.steps.ConsoleLoggingListener - RELATED ISSUES: 
15:02:52.534 [Test worker] ERROR net.thucydides.core.steps.ConsoleLoggingListener - ?[91mTEST FAILED AT STEP Then Se deberia ver en pantalla unica la linea activa en prepago?[0m
15:02:52.534 [Test worker] ERROR net.thucydides.core.steps.ConsoleLoggingListener - el plan es prepagoExpected: a string containing "debe fallar" but: was "Plan Tigo Prepago Tarifa Plana 3"
]]></system-out>
  <system-err><![CDATA[ene 27, 2022 3:02:39 PM org.openqa.selenium.remote.DesiredCapabilities firefox
INFORMACIÓN: Using `new FirefoxOptions()` is preferred to `DesiredCapabilities.firefox()`
ene 27, 2022 3:02:39 PM org.openqa.selenium.remote.DesiredCapabilities firefox
INFORMACIÓN: Using `new FirefoxOptions()` is preferred to `DesiredCapabilities.firefox()`
1643313760214	geckodriver	INFO	Listening on 127.0.0.1:39299
1643313760736	mozrunner::runner	INFO	Running command: "C:\\Program Files\\Mozilla Firefox\\firefox.exe" "--marionette" "-foreground" "-no-remote" "-profile" "C:\\Users\\PROJEC~1\\AppData\\Local\\Temp\\rust_mozprofilenxE4fG"
1643313761222	addons.webextension.doh-rollout@mozilla.org	WARN	Loading extension 'doh-rollout@mozilla.org': Reading manifest: Invalid extension permission: networkStatus
1643313761244	addons.webextension.screenshots@mozilla.org	WARN	Loading extension 'screenshots@mozilla.org': Reading manifest: Invalid extension permission: mozillaAddons
1643313761244	addons.webextension.screenshots@mozilla.org	WARN	Loading extension 'screenshots@mozilla.org': Reading manifest: Invalid extension permission: telemetry
1643313761244	addons.webextension.screenshots@mozilla.org	WARN	Loading extension 'screenshots@mozilla.org': Reading manifest: Invalid extension permission: resource://pdf.js/
1643313761244	addons.webextension.screenshots@mozilla.org	WARN	Loading extension 'screenshots@mozilla.org': Reading manifest: Invalid extension permission: about:reader*
JavaScript error: resource://gre/modules/XULStore.jsm, line 66: Error: Can't find profile directory.
1643313762628	Marionette	INFO	Listening on port 57719
1643313762845	Marionette	WARN	TLS certificate errors will be ignored for this session
ene 27, 2022 3:02:42 PM org.openqa.selenium.remote.ProtocolHandshake createSession
INFORMACIÓN: Detected dialect: W3C
JavaScript warning: http://10.69.60.85:8280/portal/CRMPortal/Consultas?portal:windowState=normal&portal:componentId=gtnc323725e-6efe-4037-9f93-1bc06edfa941&portal:resourceID=/org.rf.res/org/richfaces/ui.pack.js&portal:cacheLevel=PAGE&portal:type=resource&portal:portletMode=view, line 10431: unreachable code after return statement
JavaScript warning: http://10.69.60.85:8280/portal/CRMPortal/Consultas?portal:windowState=normal&portal:componentId=gtnc323725e-6efe-4037-9f93-1bc06edfa941&portal:resourceID=/org.rf.res/org/richfaces/ui.pack.js&portal:cacheLevel=PAGE&portal:type=resource&portal:portletMode=view, line 10431: unreachable code after return statement
JavaScript error: http://10.69.60.85:8280/portal/CRMPortal/Consultas, line 1: ReferenceError: setIframeListeners is not defined
JavaScript warning: http://10.69.60.85:8280/portal/CRMPortal/Consultas?portal:windowState=normal&portal:componentId=gtnc323725e-6efe-4037-9f93-1bc06edfa941&portal:resourceID=/org.rf.res/org/richfaces/ui.pack.js&portal:cacheLevel=PAGE&portal:type=resource&portal:portletMode=view, line 10431: unreachable code after return statement
JavaScript warning: http://10.69.60.85:8280/portal/CRMPortal/Consultas?portal:windowState=normal&portal:componentId=gtnc323725e-6efe-4037-9f93-1bc06edfa941&portal:resourceID=/org.rf.res/org/richfaces/ui.pack.js&portal:cacheLevel=PAGE&portal:type=resource&portal:portletMode=view, line 10431: unreachable code after return statement
JavaScript error: http://10.69.60.85:8280/portal/CRMPortal/Consultas, line 1: ReferenceError: setIframeListeners is not defined
JavaScript error: http://10.69.60.85:8280/portal/CRMPortal/Consultas, line 1: ReferenceError: setIframeListeners is not defined
1643313769778	Marionette	INFO	Stopped listening on port 57719

###!!! [Child][RunMessage] Error: Channel closing: too late to send/recv, messages will be lost


###!!! [Child][MessageChannel::SendAndWait] Error: Channel error: cannot send/recv

]]></system-err>
</testsuite>
