<?xml version="1.0" encoding="UTF-8"?>
<testsuite name="Sanity limpieza y aprovisionamiento de recursos" tests="1" skipped="0" failures="0" errors="0" timestamp="2022-02-01T15:04:43" hostname="22LAP5CD1195R94" time="40.289">
  <properties/>
  <testcase name="se quiere ingresar a la plataforma epos" classname="Sanity limpieza y aprovisionamiento de recursos" time="40.289"/>
  <system-out><![CDATA[10:04:45.877 [Test worker] DEBUG org.apache.http.impl.conn.BasicClientConnectionManager - Get connection for route {}->http://10.65.45.12:9001
10:04:45.882 [Test worker] DEBUG org.apache.http.impl.conn.DefaultClientConnectionOperator - Connecting to 10.65.45.12:9001
10:04:45.929 [Test worker] DEBUG org.apache.http.client.protocol.RequestAddCookies - CookieSpec selected: ignoreCookies
10:04:45.930 [Test worker] DEBUG org.apache.http.client.protocol.RequestAuthCache - Auth cache not set in the context
10:04:45.930 [Test worker] DEBUG org.apache.http.client.protocol.RequestTargetAuthentication - Target auth state: UNCHALLENGED
10:04:45.930 [Test worker] DEBUG org.apache.http.client.protocol.RequestProxyAuthentication - Proxy auth state: UNCHALLENGED
10:04:45.930 [Test worker] DEBUG org.apache.http.impl.client.DefaultHttpClient - Attempt 1 to execute request
10:04:45.930 [Test worker] DEBUG org.apache.http.impl.conn.DefaultClientConnection - Sending request: POST /gatewaycbs/BcServicesInt HTTP/1.1
10:04:45.931 [Test worker] DEBUG org.apache.http.wire -  >> "POST /gatewaycbs/BcServicesInt HTTP/1.1[\r][\n]"
10:04:45.931 [Test worker] DEBUG org.apache.http.wire -  >> "Accept: */*[\r][\n]"
10:04:45.931 [Test worker] DEBUG org.apache.http.wire -  >> "Content-Type: text/xml;charset=UTF-8[\r][\n]"
10:04:45.932 [Test worker] DEBUG org.apache.http.wire -  >> "Content-Length: 748[\r][\n]"
10:04:45.932 [Test worker] DEBUG org.apache.http.wire -  >> "Host: 10.65.45.12:9001[\r][\n]"
10:04:45.932 [Test worker] DEBUG org.apache.http.wire -  >> "Connection: Keep-Alive[\r][\n]"
10:04:45.932 [Test worker] DEBUG org.apache.http.wire -  >> "User-Agent: Apache-HttpClient/4.5.9 (Java/1.8.0_301)[\r][\n]"
10:04:45.932 [Test worker] DEBUG org.apache.http.wire -  >> "Accept-Encoding: gzip,deflate[\r][\n]"
10:04:45.932 [Test worker] DEBUG org.apache.http.wire -  >> "[\r][\n]"
10:04:45.932 [Test worker] DEBUG org.apache.http.headers - >> POST /gatewaycbs/BcServicesInt HTTP/1.1
10:04:45.932 [Test worker] DEBUG org.apache.http.headers - >> Accept: */*
10:04:45.932 [Test worker] DEBUG org.apache.http.headers - >> Content-Type: text/xml;charset=UTF-8
10:04:45.932 [Test worker] DEBUG org.apache.http.headers - >> Content-Length: 748
10:04:45.932 [Test worker] DEBUG org.apache.http.headers - >> Host: 10.65.45.12:9001
10:04:45.932 [Test worker] DEBUG org.apache.http.headers - >> Connection: Keep-Alive
10:04:45.932 [Test worker] DEBUG org.apache.http.headers - >> User-Agent: Apache-HttpClient/4.5.9 (Java/1.8.0_301)
10:04:45.932 [Test worker] DEBUG org.apache.http.headers - >> Accept-Encoding: gzip,deflate
10:04:45.933 [Test worker] DEBUG org.apache.http.wire -  >> "<soapenv:Envelope xmlns:bcc="http://www.huawei.com/bme/cbsinterface/bccommon" xmlns:bcs="http://www.huawei.com/bme/cbsinterface/bcservices" xmlns:ws="http://ws.web.gatewaycbs.tigo.com.co/" xmlns:soapenv="http://schemas.xmlsoap.org/soap/envelope/">[\n]"
10:04:45.933 [Test worker] DEBUG org.apache.http.wire -  >> "   <soapenv:Header/>[\n]"
10:04:45.933 [Test worker] DEBUG org.apache.http.wire -  >> "   <soapenv:Body>[\n]"
10:04:45.933 [Test worker] DEBUG org.apache.http.wire -  >> "      <ws:queryCustomerInfo>[\n]"
10:04:45.933 [Test worker] DEBUG org.apache.http.wire -  >> "         <!--Optional:-->[\n]"
10:04:45.933 [Test worker] DEBUG org.apache.http.wire -  >> "         <QueryCustomerInfoRequest>[\n]"
10:04:45.933 [Test worker] DEBUG org.apache.http.wire -  >> "            <bcs:QueryObj>[\n]"
10:04:45.933 [Test worker] DEBUG org.apache.http.wire -  >> "               <!--Optional:-->[\n]"
10:04:45.933 [Test worker] DEBUG org.apache.http.wire -  >> "               <bcs:SubAccessCode>[\n]"
10:04:45.933 [Test worker] DEBUG org.apache.http.wire -  >> "                  <!--Optional:-->[\n]"
10:04:45.933 [Test worker] DEBUG org.apache.http.wire -  >> "                  <bcc:PrimaryIdentity>3016875982</bcc:PrimaryIdentity>[\n]"
10:04:45.933 [Test worker] DEBUG org.apache.http.wire -  >> "               </bcs:SubAccessCode>[\n]"
10:04:45.933 [Test worker] DEBUG org.apache.http.wire -  >> "            </bcs:QueryObj>[\n]"
10:04:45.933 [Test worker] DEBUG org.apache.http.wire -  >> "         </QueryCustomerInfoRequest>[\n]"
10:04:45.933 [Test worker] DEBUG org.apache.http.wire -  >> "      </ws:queryCustomerInfo>[\n]"
10:04:45.933 [Test worker] DEBUG org.apache.http.wire -  >> "   </soapenv:Body>[\n]"
10:04:45.933 [Test worker] DEBUG org.apache.http.wire -  >> "</soapenv:Envelope>"
10:04:46.001 [Test worker] DEBUG org.apache.http.wire -  << "HTTP/1.1 200 OK[\r][\n]"
10:04:46.003 [Test worker] DEBUG org.apache.http.wire -  << "Date: Tue, 01 Feb 2022 15:04:46 GMT[\r][\n]"
10:04:46.003 [Test worker] DEBUG org.apache.http.wire -  << "Transfer-Encoding: chunked[\r][\n]"
10:04:46.003 [Test worker] DEBUG org.apache.http.wire -  << "Content-Type: text/xml; charset=utf-8[\r][\n]"
10:04:46.003 [Test worker] DEBUG org.apache.http.wire -  << "[\r][\n]"
10:04:46.004 [Test worker] DEBUG org.apache.http.impl.conn.DefaultClientConnection - Receiving response: HTTP/1.1 200 OK
10:04:46.004 [Test worker] DEBUG org.apache.http.headers - << HTTP/1.1 200 OK
10:04:46.004 [Test worker] DEBUG org.apache.http.headers - << Date: Tue, 01 Feb 2022 15:04:46 GMT
10:04:46.004 [Test worker] DEBUG org.apache.http.headers - << Transfer-Encoding: chunked
10:04:46.004 [Test worker] DEBUG org.apache.http.headers - << Content-Type: text/xml; charset=utf-8
10:04:46.009 [Test worker] DEBUG org.apache.http.impl.client.DefaultHttpClient - Connection can be kept alive indefinitely
10:04:46.020 [Test worker] DEBUG io.restassured.internal.RequestSpecificationImpl$RestAssuredHttpBuilder - Parsing response as: text/xml; charset=utf-8
10:04:46.021 [Test worker] DEBUG io.restassured.internal.RequestSpecificationImpl$RestAssuredHttpBuilder - Parsed data to instance of: class org.apache.http.conn.EofSensorInputStream
10:04:46.067 [Test worker] DEBUG org.apache.http.wire -  << "006e[\r][\n]"
10:04:46.067 [Test worker] DEBUG org.apache.http.wire -  << "<?xml version='1.0' encoding='UTF-8'?><S:Envelope xmlns:S="http://schemas.xmlsoap.org/soap/envelope/"><S:Body>"
10:04:46.068 [Test worker] DEBUG org.apache.http.wire -  << "[\r][\n]"
10:04:46.068 [Test worker] DEBUG org.apache.http.wire -  << "01f8[\r][\n]"
10:04:46.068 [Test worker] DEBUG org.apache.http.wire -  << "<ns4:queryCustomerInfoResponse xmlns:ns2="http://www.huawei.com/bme/cbsinterface/bccommon" xmlns:ns3="http://www.huawei.com/bme/cbsinterface/bcservices" xmlns:ns4="http://ws.web.gatewaycbs.tigo.com.co/" xmlns:ns5="http://www.huawei.com/bme/cbsinterface/cbscommon"><return><ResultHeader><ns5:Version>1</ns5:Version><ns5:ResultCode>118030260</ns5:ResultCode><ns5:ResultDesc>Subscriber 3016875982 does not exist.</ns5:ResultDesc></ResultHeader></return></ns4:queryCustomerInfoResponse></S:Body></S:Envelope>"
10:04:46.068 [Test worker] DEBUG org.apache.http.wire -  << "[\r][\n]"
10:04:46.068 [Test worker] DEBUG org.apache.http.wire -  << "0000[\r][\n]"
10:04:46.068 [Test worker] DEBUG org.apache.http.wire -  << "[\r][\n]"
10:04:46.068 [Test worker] DEBUG org.apache.http.impl.conn.BasicClientConnectionManager - Releasing connection org.apache.http.impl.conn.ManagedClientConnectionImpl@7726336
10:04:46.068 [Test worker] DEBUG org.apache.http.impl.conn.BasicClientConnectionManager - Connection can be kept alive indefinitely
La linea 3016875982 no esta activa
10:04:46.427 [Finalizer] DEBUG org.apache.http.impl.conn.DefaultClientConnection - Connection 0.0.0.0:51434<->10.65.45.12:9001 closed
se ejecuta correctamente DB Activator
se ejecuta correctamente  DB EPOS
se ejecuta correctamente DB Siebel
se ejecuta correctamente DB Postale
10:04:51.436 [Test worker] DEBUG org.apache.http.impl.conn.BasicClientConnectionManager - Get connection for route {}->http://10.65.45.12:9001
10:04:51.436 [Test worker] DEBUG org.apache.http.impl.conn.DefaultClientConnectionOperator - Connecting to 10.65.45.12:9001
10:04:51.469 [Test worker] DEBUG org.apache.http.client.protocol.RequestAddCookies - CookieSpec selected: ignoreCookies
10:04:51.469 [Test worker] DEBUG org.apache.http.client.protocol.RequestAuthCache - Auth cache not set in the context
10:04:51.469 [Test worker] DEBUG org.apache.http.client.protocol.RequestTargetAuthentication - Target auth state: UNCHALLENGED
10:04:51.469 [Test worker] DEBUG org.apache.http.client.protocol.RequestProxyAuthentication - Proxy auth state: UNCHALLENGED
10:04:51.469 [Test worker] DEBUG org.apache.http.impl.client.DefaultHttpClient - Attempt 1 to execute request
10:04:51.469 [Test worker] DEBUG org.apache.http.impl.conn.DefaultClientConnection - Sending request: POST /gatewaycbs/BcServicesInt HTTP/1.1
10:04:51.469 [Test worker] DEBUG org.apache.http.wire -  >> "POST /gatewaycbs/BcServicesInt HTTP/1.1[\r][\n]"
10:04:51.469 [Test worker] DEBUG org.apache.http.wire -  >> "Accept: */*[\r][\n]"
10:04:51.469 [Test worker] DEBUG org.apache.http.wire -  >> "Content-Type: text/xml;charset=UTF-8[\r][\n]"
10:04:51.470 [Test worker] DEBUG org.apache.http.wire -  >> "Content-Length: 748[\r][\n]"
10:04:51.470 [Test worker] DEBUG org.apache.http.wire -  >> "Host: 10.65.45.12:9001[\r][\n]"
10:04:51.470 [Test worker] DEBUG org.apache.http.wire -  >> "Connection: Keep-Alive[\r][\n]"
10:04:51.470 [Test worker] DEBUG org.apache.http.wire -  >> "User-Agent: Apache-HttpClient/4.5.9 (Java/1.8.0_301)[\r][\n]"
10:04:51.470 [Test worker] DEBUG org.apache.http.wire -  >> "Accept-Encoding: gzip,deflate[\r][\n]"
10:04:51.470 [Test worker] DEBUG org.apache.http.wire -  >> "[\r][\n]"
10:04:51.470 [Test worker] DEBUG org.apache.http.headers - >> POST /gatewaycbs/BcServicesInt HTTP/1.1
10:04:51.470 [Test worker] DEBUG org.apache.http.headers - >> Accept: */*
10:04:51.470 [Test worker] DEBUG org.apache.http.headers - >> Content-Type: text/xml;charset=UTF-8
10:04:51.470 [Test worker] DEBUG org.apache.http.headers - >> Content-Length: 748
10:04:51.470 [Test worker] DEBUG org.apache.http.headers - >> Host: 10.65.45.12:9001
10:04:51.470 [Test worker] DEBUG org.apache.http.headers - >> Connection: Keep-Alive
10:04:51.470 [Test worker] DEBUG org.apache.http.headers - >> User-Agent: Apache-HttpClient/4.5.9 (Java/1.8.0_301)
10:04:51.470 [Test worker] DEBUG org.apache.http.headers - >> Accept-Encoding: gzip,deflate
10:04:51.470 [Test worker] DEBUG org.apache.http.wire -  >> "<soapenv:Envelope xmlns:bcc="http://www.huawei.com/bme/cbsinterface/bccommon" xmlns:bcs="http://www.huawei.com/bme/cbsinterface/bcservices" xmlns:ws="http://ws.web.gatewaycbs.tigo.com.co/" xmlns:soapenv="http://schemas.xmlsoap.org/soap/envelope/">[\n]"
10:04:51.470 [Test worker] DEBUG org.apache.http.wire -  >> "   <soapenv:Header/>[\n]"
10:04:51.470 [Test worker] DEBUG org.apache.http.wire -  >> "   <soapenv:Body>[\n]"
10:04:51.471 [Test worker] DEBUG org.apache.http.wire -  >> "      <ws:queryCustomerInfo>[\n]"
10:04:51.471 [Test worker] DEBUG org.apache.http.wire -  >> "         <!--Optional:-->[\n]"
10:04:51.471 [Test worker] DEBUG org.apache.http.wire -  >> "         <QueryCustomerInfoRequest>[\n]"
10:04:51.471 [Test worker] DEBUG org.apache.http.wire -  >> "            <bcs:QueryObj>[\n]"
10:04:51.471 [Test worker] DEBUG org.apache.http.wire -  >> "               <!--Optional:-->[\n]"
10:04:51.471 [Test worker] DEBUG org.apache.http.wire -  >> "               <bcs:SubAccessCode>[\n]"
10:04:51.471 [Test worker] DEBUG org.apache.http.wire -  >> "                  <!--Optional:-->[\n]"
10:04:51.471 [Test worker] DEBUG org.apache.http.wire -  >> "                  <bcc:PrimaryIdentity>3016875893</bcc:PrimaryIdentity>[\n]"
10:04:51.471 [Test worker] DEBUG org.apache.http.wire -  >> "               </bcs:SubAccessCode>[\n]"
10:04:51.471 [Test worker] DEBUG org.apache.http.wire -  >> "            </bcs:QueryObj>[\n]"
10:04:51.471 [Test worker] DEBUG org.apache.http.wire -  >> "         </QueryCustomerInfoRequest>[\n]"
10:04:51.471 [Test worker] DEBUG org.apache.http.wire -  >> "      </ws:queryCustomerInfo>[\n]"
10:04:51.471 [Test worker] DEBUG org.apache.http.wire -  >> "   </soapenv:Body>[\n]"
10:04:51.471 [Test worker] DEBUG org.apache.http.wire -  >> "</soapenv:Envelope>"
10:04:51.535 [Test worker] DEBUG org.apache.http.wire -  << "HTTP/1.1 200 OK[\r][\n]"
10:04:51.535 [Test worker] DEBUG org.apache.http.wire -  << "Date: Tue, 01 Feb 2022 15:04:51 GMT[\r][\n]"
10:04:51.535 [Test worker] DEBUG org.apache.http.wire -  << "Transfer-Encoding: chunked[\r][\n]"
10:04:51.535 [Test worker] DEBUG org.apache.http.wire -  << "Content-Type: text/xml; charset=utf-8[\r][\n]"
10:04:51.535 [Test worker] DEBUG org.apache.http.wire -  << "[\r][\n]"
10:04:51.535 [Test worker] DEBUG org.apache.http.impl.conn.DefaultClientConnection - Receiving response: HTTP/1.1 200 OK
10:04:51.535 [Test worker] DEBUG org.apache.http.headers - << HTTP/1.1 200 OK
10:04:51.535 [Test worker] DEBUG org.apache.http.headers - << Date: Tue, 01 Feb 2022 15:04:51 GMT
10:04:51.535 [Test worker] DEBUG org.apache.http.headers - << Transfer-Encoding: chunked
10:04:51.535 [Test worker] DEBUG org.apache.http.headers - << Content-Type: text/xml; charset=utf-8
10:04:51.535 [Test worker] DEBUG org.apache.http.impl.client.DefaultHttpClient - Connection can be kept alive indefinitely
10:04:51.536 [Test worker] DEBUG io.restassured.internal.RequestSpecificationImpl$RestAssuredHttpBuilder - Parsing response as: text/xml; charset=utf-8
10:04:51.536 [Test worker] DEBUG io.restassured.internal.RequestSpecificationImpl$RestAssuredHttpBuilder - Parsed data to instance of: class org.apache.http.conn.EofSensorInputStream
10:04:51.537 [Test worker] DEBUG org.apache.http.wire -  << "006e[\r][\n]"
10:04:51.537 [Test worker] DEBUG org.apache.http.wire -  << "<?xml version='1.0' encoding='UTF-8'?><S:Envelope xmlns:S="http://schemas.xmlsoap.org/soap/envelope/"><S:Body>"
10:04:51.537 [Test worker] DEBUG org.apache.http.wire -  << "[\r][\n]"
10:04:51.537 [Test worker] DEBUG org.apache.http.wire -  << "01f8[\r][\n]"
10:04:51.537 [Test worker] DEBUG org.apache.http.wire -  << "<ns4:queryCustomerInfoResponse xmlns:ns2="http://www.huawei.com/bme/cbsinterface/bccommon" xmlns:ns3="http://www.huawei.com/bme/cbsinterface/bcservices" xmlns:ns4="http://ws.web.gatewaycbs.tigo.com.co/" xmlns:ns5="http://www.huawei.com/bme/cbsinterface/cbscommon"><return><ResultHeader><ns5:Version>1</ns5:Version><ns5:ResultCode>118030260</ns5:ResultCode><ns5:ResultDesc>Subscriber 3016875893 does not exist.</ns5:ResultDesc></ResultHeader></return></ns4:queryCustomerInfoResponse></S:Body></S:Envelope>"
10:04:51.537 [Test worker] DEBUG org.apache.http.wire -  << "[\r][\n]"
10:04:51.537 [Test worker] DEBUG org.apache.http.wire -  << "0000[\r][\n]"
10:04:51.537 [Test worker] DEBUG org.apache.http.wire -  << "[\r][\n]"
10:04:51.537 [Test worker] DEBUG org.apache.http.impl.conn.BasicClientConnectionManager - Releasing connection org.apache.http.impl.conn.ManagedClientConnectionImpl@c0ef2e5
10:04:51.537 [Test worker] DEBUG org.apache.http.impl.conn.BasicClientConnectionManager - Connection can be kept alive indefinitely
La linea 3016875893 no esta activa
se ejecuta correctamente DB Activator
se ejecuta correctamente  DB EPOS
se ejecuta correctamente DB Siebel
se ejecuta correctamente DB Postale
10:04:56.165 [Test worker] DEBUG org.apache.http.impl.conn.BasicClientConnectionManager - Get connection for route {}->http://10.65.45.12:9001
10:04:56.166 [Test worker] DEBUG org.apache.http.impl.conn.DefaultClientConnectionOperator - Connecting to 10.65.45.12:9001
10:04:56.199 [Test worker] DEBUG org.apache.http.client.protocol.RequestAddCookies - CookieSpec selected: ignoreCookies
10:04:56.199 [Test worker] DEBUG org.apache.http.client.protocol.RequestAuthCache - Auth cache not set in the context
10:04:56.199 [Test worker] DEBUG org.apache.http.client.protocol.RequestTargetAuthentication - Target auth state: UNCHALLENGED
10:04:56.199 [Test worker] DEBUG org.apache.http.client.protocol.RequestProxyAuthentication - Proxy auth state: UNCHALLENGED
10:04:56.199 [Test worker] DEBUG org.apache.http.impl.client.DefaultHttpClient - Attempt 1 to execute request
10:04:56.199 [Test worker] DEBUG org.apache.http.impl.conn.DefaultClientConnection - Sending request: POST /gatewaycbs/BcServicesInt HTTP/1.1
10:04:56.199 [Test worker] DEBUG org.apache.http.wire -  >> "POST /gatewaycbs/BcServicesInt HTTP/1.1[\r][\n]"
10:04:56.199 [Test worker] DEBUG org.apache.http.wire -  >> "Accept: */*[\r][\n]"
10:04:56.199 [Test worker] DEBUG org.apache.http.wire -  >> "Content-Type: text/xml;charset=UTF-8[\r][\n]"
10:04:56.200 [Test worker] DEBUG org.apache.http.wire -  >> "Content-Length: 748[\r][\n]"
10:04:56.200 [Test worker] DEBUG org.apache.http.wire -  >> "Host: 10.65.45.12:9001[\r][\n]"
10:04:56.200 [Test worker] DEBUG org.apache.http.wire -  >> "Connection: Keep-Alive[\r][\n]"
10:04:56.200 [Test worker] DEBUG org.apache.http.wire -  >> "User-Agent: Apache-HttpClient/4.5.9 (Java/1.8.0_301)[\r][\n]"
10:04:56.200 [Test worker] DEBUG org.apache.http.wire -  >> "Accept-Encoding: gzip,deflate[\r][\n]"
10:04:56.200 [Test worker] DEBUG org.apache.http.wire -  >> "[\r][\n]"
10:04:56.200 [Test worker] DEBUG org.apache.http.headers - >> POST /gatewaycbs/BcServicesInt HTTP/1.1
10:04:56.200 [Test worker] DEBUG org.apache.http.headers - >> Accept: */*
10:04:56.200 [Test worker] DEBUG org.apache.http.headers - >> Content-Type: text/xml;charset=UTF-8
10:04:56.200 [Test worker] DEBUG org.apache.http.headers - >> Content-Length: 748
10:04:56.200 [Test worker] DEBUG org.apache.http.headers - >> Host: 10.65.45.12:9001
10:04:56.200 [Test worker] DEBUG org.apache.http.headers - >> Connection: Keep-Alive
10:04:56.200 [Test worker] DEBUG org.apache.http.headers - >> User-Agent: Apache-HttpClient/4.5.9 (Java/1.8.0_301)
10:04:56.200 [Test worker] DEBUG org.apache.http.headers - >> Accept-Encoding: gzip,deflate
10:04:56.201 [Test worker] DEBUG org.apache.http.wire -  >> "<soapenv:Envelope xmlns:bcc="http://www.huawei.com/bme/cbsinterface/bccommon" xmlns:bcs="http://www.huawei.com/bme/cbsinterface/bcservices" xmlns:ws="http://ws.web.gatewaycbs.tigo.com.co/" xmlns:soapenv="http://schemas.xmlsoap.org/soap/envelope/">[\n]"
10:04:56.201 [Test worker] DEBUG org.apache.http.wire -  >> "   <soapenv:Header/>[\n]"
10:04:56.201 [Test worker] DEBUG org.apache.http.wire -  >> "   <soapenv:Body>[\n]"
10:04:56.201 [Test worker] DEBUG org.apache.http.wire -  >> "      <ws:queryCustomerInfo>[\n]"
10:04:56.201 [Test worker] DEBUG org.apache.http.wire -  >> "         <!--Optional:-->[\n]"
10:04:56.201 [Test worker] DEBUG org.apache.http.wire -  >> "         <QueryCustomerInfoRequest>[\n]"
10:04:56.201 [Test worker] DEBUG org.apache.http.wire -  >> "            <bcs:QueryObj>[\n]"
10:04:56.201 [Test worker] DEBUG org.apache.http.wire -  >> "               <!--Optional:-->[\n]"
10:04:56.201 [Test worker] DEBUG org.apache.http.wire -  >> "               <bcs:SubAccessCode>[\n]"
10:04:56.201 [Test worker] DEBUG org.apache.http.wire -  >> "                  <!--Optional:-->[\n]"
10:04:56.201 [Test worker] DEBUG org.apache.http.wire -  >> "                  <bcc:PrimaryIdentity>3016875982</bcc:PrimaryIdentity>[\n]"
10:04:56.201 [Test worker] DEBUG org.apache.http.wire -  >> "               </bcs:SubAccessCode>[\n]"
10:04:56.201 [Test worker] DEBUG org.apache.http.wire -  >> "            </bcs:QueryObj>[\n]"
10:04:56.201 [Test worker] DEBUG org.apache.http.wire -  >> "         </QueryCustomerInfoRequest>[\n]"
10:04:56.201 [Test worker] DEBUG org.apache.http.wire -  >> "      </ws:queryCustomerInfo>[\n]"
10:04:56.201 [Test worker] DEBUG org.apache.http.wire -  >> "   </soapenv:Body>[\n]"
10:04:56.201 [Test worker] DEBUG org.apache.http.wire -  >> "</soapenv:Envelope>"
10:04:56.262 [Test worker] DEBUG org.apache.http.wire -  << "HTTP/1.1 200 OK[\r][\n]"
10:04:56.262 [Test worker] DEBUG org.apache.http.wire -  << "Date: Tue, 01 Feb 2022 15:04:56 GMT[\r][\n]"
10:04:56.262 [Test worker] DEBUG org.apache.http.wire -  << "Transfer-Encoding: chunked[\r][\n]"
10:04:56.262 [Test worker] DEBUG org.apache.http.wire -  << "Content-Type: text/xml; charset=utf-8[\r][\n]"
10:04:56.262 [Test worker] DEBUG org.apache.http.wire -  << "[\r][\n]"
10:04:56.262 [Test worker] DEBUG org.apache.http.impl.conn.DefaultClientConnection - Receiving response: HTTP/1.1 200 OK
10:04:56.262 [Test worker] DEBUG org.apache.http.headers - << HTTP/1.1 200 OK
10:04:56.262 [Test worker] DEBUG org.apache.http.headers - << Date: Tue, 01 Feb 2022 15:04:56 GMT
10:04:56.262 [Test worker] DEBUG org.apache.http.headers - << Transfer-Encoding: chunked
10:04:56.262 [Test worker] DEBUG org.apache.http.headers - << Content-Type: text/xml; charset=utf-8
10:04:56.263 [Test worker] DEBUG org.apache.http.impl.client.DefaultHttpClient - Connection can be kept alive indefinitely
10:04:56.263 [Test worker] DEBUG io.restassured.internal.RequestSpecificationImpl$RestAssuredHttpBuilder - Parsing response as: text/xml; charset=utf-8
10:04:56.263 [Test worker] DEBUG io.restassured.internal.RequestSpecificationImpl$RestAssuredHttpBuilder - Parsed data to instance of: class org.apache.http.conn.EofSensorInputStream
10:04:56.264 [Test worker] DEBUG org.apache.http.wire -  << "006e[\r][\n]"
10:04:56.264 [Test worker] DEBUG org.apache.http.wire -  << "<?xml version='1.0' encoding='UTF-8'?><S:Envelope xmlns:S="http://schemas.xmlsoap.org/soap/envelope/"><S:Body>"
10:04:56.264 [Test worker] DEBUG org.apache.http.wire -  << "[\r][\n]"
10:04:56.264 [Test worker] DEBUG org.apache.http.wire -  << "01f8[\r][\n]"
10:04:56.264 [Test worker] DEBUG org.apache.http.wire -  << "<ns4:queryCustomerInfoResponse xmlns:ns2="http://www.huawei.com/bme/cbsinterface/bccommon" xmlns:ns3="http://www.huawei.com/bme/cbsinterface/bcservices" xmlns:ns4="http://ws.web.gatewaycbs.tigo.com.co/" xmlns:ns5="http://www.huawei.com/bme/cbsinterface/cbscommon"><return><ResultHeader><ns5:Version>1</ns5:Version><ns5:ResultCode>118030260</ns5:ResultCode><ns5:ResultDesc>Subscriber 3016875982 does not exist.</ns5:ResultDesc></ResultHeader></return></ns4:queryCustomerInfoResponse></S:Body></S:Envelope>"
10:04:56.264 [Test worker] DEBUG org.apache.http.wire -  << "[\r][\n]"
10:04:56.264 [Test worker] DEBUG org.apache.http.wire -  << "0000[\r][\n]"
10:04:56.264 [Test worker] DEBUG org.apache.http.wire -  << "[\r][\n]"
10:04:56.264 [Test worker] DEBUG org.apache.http.impl.conn.BasicClientConnectionManager - Releasing connection org.apache.http.impl.conn.ManagedClientConnectionImpl@1fe4e2df
10:04:56.264 [Test worker] DEBUG org.apache.http.impl.conn.BasicClientConnectionManager - Connection can be kept alive indefinitely
La linea 3016875982 no esta activa
se ejecuta correctamente DB Activator
10:04:56.588 [Finalizer] DEBUG org.apache.http.impl.conn.DefaultClientConnection - Connection 0.0.0.0:51449<->10.65.45.12:9001 closed
10:04:56.591 [Finalizer] DEBUG org.apache.http.impl.conn.DefaultClientConnection - Connection 0.0.0.0:51441<->10.65.45.12:9001 closed
se ejecuta correctamente  DB EPOS
se ejecuta correctamente DB Siebel
se ejecuta correctamente DB Postale
10:05:01.312 [Test worker] INFO net.serenitybdd.core.webdriver.driverproviders.ProvideNewDriver - Instantiating driver
10:05:01.312 [Test worker] INFO net.serenitybdd.core.webdriver.driverproviders.ProvideNewDriver - Driver capabilities: Capabilities {acceptInsecureCerts: true, browserName: firefox, firefox_profile: org.openqa.selenium.firefox..., headless: false, loggingPrefs: org.openqa.selenium.logging..., marionette: true, moz:firefoxOptions: {}, platform: ANY, version: }
10:05:05.892 [Test worker] DEBUG net.serenitybdd.core.photography.Darkroom - Opening darkroom
10:05:05.895 [Darkroom Processing Line] DEBUG net.serenitybdd.core.photography.DarkroomProcessingLine - Darkroom processing line starting up
10:05:06.015 [Test worker] DEBUG net.serenitybdd.core.photography.Darkroom - Send negative for processing for C:\Sanity Ambientes\PrepaidAutomation\target\site\serenity\80f08c17edcdc302c853d767d413ab0d248e8c7b4d52bc4cdb9a0129ecbb8577.png
10:05:06.449 [Test worker] DEBUG net.serenitybdd.core.photography.Darkroom - Send negative for processing for C:\Sanity Ambientes\PrepaidAutomation\target\site\serenity\77fb9fdf56fabbd07f7b3120f79f82026e1260dcf93e4d71039de8e257830a39.png
10:05:08.175 [Test worker] DEBUG net.serenitybdd.core.photography.Darkroom - Send negative for processing for C:\Sanity Ambientes\PrepaidAutomation\target\site\serenity\19ce378d9d30fda87de7141a96c90612d8c84112f1841abd7af2095c5baead46.png
10:05:08.177 [Darkroom Processing Line] DEBUG net.serenitybdd.core.photography.DarkroomProcessingLine - Processing screenshot image in /var/screenshots/screenshot-6233511262101750934
10:05:08.177 [Darkroom Processing Line] DEBUG net.serenitybdd.core.photography.DarkroomProcessingLine - Saving screenshot to C:\Sanity Ambientes\PrepaidAutomation\target\site\serenity\19ce378d9d30fda87de7141a96c90612d8c84112f1841abd7af2095c5baead46.png
10:05:09.658 [Test worker] DEBUG net.serenitybdd.core.photography.Darkroom - Send negative for processing for C:\Sanity Ambientes\PrepaidAutomation\target\site\serenity\151a47c48034f7519cbd6199f922a372ff8917afd336998679a0f29d956b26e6.png
10:05:09.660 [Darkroom Processing Line] DEBUG net.serenitybdd.core.photography.DarkroomProcessingLine - Processing screenshot image in /var/screenshots/screenshot-5597545315173851199
10:05:09.660 [Darkroom Processing Line] DEBUG net.serenitybdd.core.photography.DarkroomProcessingLine - Saving screenshot to C:\Sanity Ambientes\PrepaidAutomation\target\site\serenity\151a47c48034f7519cbd6199f922a372ff8917afd336998679a0f29d956b26e6.png
10:05:10.193 [Test worker] DEBUG net.serenitybdd.core.photography.Darkroom - Send negative for processing for C:\Sanity Ambientes\PrepaidAutomation\target\site\serenity\0e8c02d9872866d3714a88a54d7f5a23fd6b830b24f1f8c4c0065138fe556e0b.png
10:05:10.195 [Darkroom Processing Line] DEBUG net.serenitybdd.core.photography.DarkroomProcessingLine - Processing screenshot image in /var/screenshots/screenshot-8119710344661586237
10:05:10.196 [Darkroom Processing Line] DEBUG net.serenitybdd.core.photography.DarkroomProcessingLine - Saving screenshot to C:\Sanity Ambientes\PrepaidAutomation\target\site\serenity\0e8c02d9872866d3714a88a54d7f5a23fd6b830b24f1f8c4c0065138fe556e0b.png
10:05:10.978 [Test worker] DEBUG net.serenitybdd.core.photography.Darkroom - Send negative for processing for C:\Sanity Ambientes\PrepaidAutomation\target\site\serenity\1de4995594694618736fd35dff9628f51284771dfa85c7ad32f00e7370b8d2ef.png
10:05:10.979 [Darkroom Processing Line] DEBUG net.serenitybdd.core.photography.DarkroomProcessingLine - Processing screenshot image in /var/screenshots/screenshot-1600863174655606745
10:05:10.980 [Darkroom Processing Line] DEBUG net.serenitybdd.core.photography.DarkroomProcessingLine - Saving screenshot to C:\Sanity Ambientes\PrepaidAutomation\target\site\serenity\1de4995594694618736fd35dff9628f51284771dfa85c7ad32f00e7370b8d2ef.png
10:05:11.774 [Test worker] DEBUG net.serenitybdd.core.photography.Darkroom - Send negative for processing for C:\Sanity Ambientes\PrepaidAutomation\target\site\serenity\e1dbaef786be76d900af204ac8cf434e2614739b1831abb87259ecb3d06d6642.png
10:05:11.775 [Darkroom Processing Line] DEBUG net.serenitybdd.core.photography.DarkroomProcessingLine - Processing screenshot image in /var/screenshots/screenshot-5169102262053545131
10:05:11.775 [Darkroom Processing Line] DEBUG net.serenitybdd.core.photography.DarkroomProcessingLine - Saving screenshot to C:\Sanity Ambientes\PrepaidAutomation\target\site\serenity\e1dbaef786be76d900af204ac8cf434e2614739b1831abb87259ecb3d06d6642.png
10:05:12.634 [Test worker] DEBUG net.serenitybdd.core.photography.Darkroom - Send negative for processing for C:\Sanity Ambientes\PrepaidAutomation\target\site\serenity\47bc72d0a0528315e4bbc2a750a411aefa73be4643d1d0d2d600004aee97a0b3.png
10:05:12.635 [Darkroom Processing Line] DEBUG net.serenitybdd.core.photography.DarkroomProcessingLine - Processing screenshot image in /var/screenshots/screenshot-3435192117955081496
10:05:12.635 [Darkroom Processing Line] DEBUG net.serenitybdd.core.photography.DarkroomProcessingLine - Saving screenshot to C:\Sanity Ambientes\PrepaidAutomation\target\site\serenity\47bc72d0a0528315e4bbc2a750a411aefa73be4643d1d0d2d600004aee97a0b3.png
10:05:15.375 [Test worker] DEBUG net.serenitybdd.core.photography.Darkroom - Send negative for processing for C:\Sanity Ambientes\PrepaidAutomation\target\site\serenity\637f0d878c24dd4b280e3c564a4270c94fbd1eb4592f906d2b43753c20d2915e.png
10:05:15.376 [Darkroom Processing Line] DEBUG net.serenitybdd.core.photography.DarkroomProcessingLine - Processing screenshot image in /var/screenshots/screenshot-4694868995851860574
10:05:15.376 [Darkroom Processing Line] DEBUG net.serenitybdd.core.photography.DarkroomProcessingLine - Saving screenshot to C:\Sanity Ambientes\PrepaidAutomation\target\site\serenity\637f0d878c24dd4b280e3c564a4270c94fbd1eb4592f906d2b43753c20d2915e.png
10:05:15.984 [Test worker] DEBUG net.serenitybdd.core.photography.Darkroom - Send negative for processing for C:\Sanity Ambientes\PrepaidAutomation\target\site\serenity\f6bc94e2a6aae21fb2692d1faf6645403370070eaa7ae9c61a5256aae7346f4e.png
10:05:15.985 [Darkroom Processing Line] DEBUG net.serenitybdd.core.photography.DarkroomProcessingLine - Processing screenshot image in /var/screenshots/screenshot-530750158666101814
10:05:15.985 [Darkroom Processing Line] DEBUG net.serenitybdd.core.photography.DarkroomProcessingLine - Saving screenshot to C:\Sanity Ambientes\PrepaidAutomation\target\site\serenity\f6bc94e2a6aae21fb2692d1faf6645403370070eaa7ae9c61a5256aae7346f4e.png
10:05:18.571 [Test worker] DEBUG net.serenitybdd.core.photography.Darkroom - Send negative for processing for C:\Sanity Ambientes\PrepaidAutomation\target\site\serenity\7751e75cf9206c40fabf88fc546fa925a08eb53545195ae4133abd38fcc3a492.png
10:05:18.573 [Darkroom Processing Line] DEBUG net.serenitybdd.core.photography.DarkroomProcessingLine - Processing screenshot image in /var/screenshots/screenshot-4789796438353246832
10:05:18.573 [Darkroom Processing Line] DEBUG net.serenitybdd.core.photography.DarkroomProcessingLine - Saving screenshot to C:\Sanity Ambientes\PrepaidAutomation\target\site\serenity\7751e75cf9206c40fabf88fc546fa925a08eb53545195ae4133abd38fcc3a492.png
10:05:21.530 [Test worker] DEBUG net.serenitybdd.core.photography.Darkroom - Send negative for processing for C:\Sanity Ambientes\PrepaidAutomation\target\site\serenity\ec763b7c3915e691aa75707b36e940d02cd983744f71383dc8c6e162758fa195.png
10:05:24.275 [Test worker] INFO net.thucydides.core.steps.ConsoleLoggingListener - ?[92m
        __    _____ _____ ____ _____   ____   _    ____  ____  _____ ____  
  _     \ \  |_   _| ____/ ___|_   _| |  _ \ / \  / ___|/ ___|| ____|  _ \ 
 (_)_____| |   | | |  _| \___ \ | |   | |_) / _ \ \___ \\___ \|  _| | | | |
  _|_____| |   | | | |___ ___) || |   |  __/ ___ \ ___) |___) | |___| |_| |
 (_)     | |   |_| |_____|____/ |_|   |_| /_/   \_\____/|____/|_____|____/ 
        /_/                                                                

TEST PASSED: se quiere ingresar a la plataforma epos
----------------------------------------------------------------------------?[0m
]]></system-out>
  <system-err><![CDATA[feb 01, 2022 10:05:00 AM org.openqa.selenium.remote.DesiredCapabilities firefox
INFORMACIÓN: Using `new FirefoxOptions()` is preferred to `DesiredCapabilities.firefox()`
feb 01, 2022 10:05:00 AM org.openqa.selenium.remote.DesiredCapabilities firefox
INFORMACIÓN: Using `new FirefoxOptions()` is preferred to `DesiredCapabilities.firefox()`
1643727901546	geckodriver	INFO	Listening on 127.0.0.1:24537
1643727902099	mozrunner::runner	INFO	Running command: "C:\\Program Files\\Mozilla Firefox\\firefox.exe" "--marionette" "-foreground" "-no-remote" "-profile" "C:\\Users\\PROJEC~1\\AppData\\Local\\Temp\\rust_mozprofileiyQoeT"
1643727902629	addons.webextension.doh-rollout@mozilla.org	WARN	Loading extension 'doh-rollout@mozilla.org': Reading manifest: Invalid extension permission: networkStatus
1643727902651	addons.webextension.screenshots@mozilla.org	WARN	Loading extension 'screenshots@mozilla.org': Reading manifest: Invalid extension permission: mozillaAddons
1643727902651	addons.webextension.screenshots@mozilla.org	WARN	Loading extension 'screenshots@mozilla.org': Reading manifest: Invalid extension permission: telemetry
1643727902651	addons.webextension.screenshots@mozilla.org	WARN	Loading extension 'screenshots@mozilla.org': Reading manifest: Invalid extension permission: resource://pdf.js/
1643727902651	addons.webextension.screenshots@mozilla.org	WARN	Loading extension 'screenshots@mozilla.org': Reading manifest: Invalid extension permission: about:reader*
JavaScript error: resource://gre/modules/XULStore.jsm, line 66: Error: Can't find profile directory.
1643727904162	Marionette	INFO	Listening on port 51458
1643727904473	Marionette	WARN	TLS certificate errors will be ignored for this session
feb 01, 2022 10:05:04 AM org.openqa.selenium.remote.ProtocolHandshake createSession
INFORMACIÓN: Detected dialect: W3C
1643727921686	Marionette	INFO	Stopped listening on port 51458
Extension error: [Exception... "Component not initialized"  nsresult: "0xc1f30001 (NS_ERROR_NOT_INITIALIZED)"  location: "JS frame :: moz-extension://fba1f898-707f-46a6-acf2-ed6883ee5396/main.js :: connect :: line 12066"  data: no] undefined 12066
[[Exception stack
connect@moz-extension://fba1f898-707f-46a6-acf2-ed6883ee5396/main.js:12066:23
onPortDisconnected@moz-extension://fba1f898-707f-46a6-acf2-ed6883ee5396/main.js:20316:30
makeConnection/channel<@moz-extension://fba1f898-707f-46a6-acf2-ed6883ee5396/main.js:20289:136
handleDisconnect@moz-extension://fba1f898-707f-46a6-acf2-ed6883ee5396/main.js:12172:14
connect/</<@moz-extension://fba1f898-707f-46a6-acf2-ed6883ee5396/main.js:12052:63
Current stack
applySafeWithoutClone@resource://gre/modules/ExtensionCommon.jsm:606:13
addListener/asyncWithoutClone/<@resource://gre/modules/ExtensionCommon.jsm:2443:39
]]

###!!! [Child][MessageChannel] Error: (msgtype=0x370128,name=PContent::Msg_AsyncMessage) Channel closing: too late to send/recv, messages will be lost


###!!! [Child][RunMessage] Error: Channel closing: too late to send/recv, messages will be lost


###!!! [Parent][RunMessage] Error: Channel closing: too late to send/recv, messages will be lost


###!!! [Child][MessageChannel::SendAndWait] Error: Channel error: cannot send/recv

]]></system-err>
</testsuite>
