<?xml version="1.0" encoding="UTF-8"?>
<testsuite name="com.indra.runners.SanityRunners" tests="0" skipped="0" failures="0" errors="0" timestamp="1970-01-01T00:00:00" hostname="22LAP5CG0525FBR" time="0.0">
  <properties/>
  <system-out><![CDATA[16:31:20.173 [Test worker] DEBUG net.thucydides.core.util.PropertiesFileLocalPreferences - LOADING LOCAL PROPERTIES FROM C:\PrepaidAutomation\serenity.properties 
16:31:20.352 [Test worker] DEBUG net.thucydides.core.util.PropertiesFileLocalPreferences - LOADING LOCAL PROPERTIES FROM C:\PrepaidAutomation\serenity.properties 
16:31:20.354 [Test worker] DEBUG net.thucydides.core.util.PropertiesFileLocalPreferences - LOADING LOCAL PROPERTIES FROM C:\PrepaidAutomation\serenity.properties 
16:31:20.372 [Test worker] DEBUG net.thucydides.core.util.PropertiesFileLocalPreferences - webdriver.driver=firefox
16:31:20.373 [Test worker] DEBUG net.thucydides.core.util.PropertiesFileLocalPreferences - serenity.console.colors=true
16:31:20.373 [Test worker] DEBUG net.thucydides.core.util.PropertiesFileLocalPreferences - webdriver.gecko.driver=src/test/resources/drivers/geckodriver.exe
16:31:20.373 [Test worker] DEBUG net.thucydides.core.util.PropertiesFileLocalPreferences - webdriver.base.url=http://10.69.60.77:8180/tigo-pos-web/index.jsp
16:31:20.373 [Test worker] DEBUG net.thucydides.core.util.PropertiesFileLocalPreferences - serenity.project.name=servicios Rest_Assured
16:31:20.373 [Test worker] DEBUG net.thucydides.core.util.PropertiesFileLocalPreferences - webdriver.wait.for.timeout=6000
16:31:20.373 [Test worker] DEBUG net.thucydides.core.util.PropertiesFileLocalPreferences - serenity.use.unique.browser=true
16:31:20.373 [Test worker] DEBUG net.thucydides.core.util.PropertiesFileLocalPreferences - webdriver.timeouts.implicitlywait=20000
16:31:20.374 [Test worker] DEBUG net.thucydides.core.util.PropertiesFileLocalPreferences - serenity.browser.maximized=true
16:31:20.374 [Test worker] DEBUG net.thucydides.core.util.PropertiesFileLocalPreferences - firefox.capability.marionette=true
16:31:21.026 [Test worker] DEBUG net.thucydides.core.util.PropertiesFileLocalPreferences - LOADING LOCAL PROPERTIES FROM C:\PrepaidAutomation\serenity.properties 
16:31:21.162 [Test worker] DEBUG net.thucydides.core.util.PropertiesFileLocalPreferences - LOADING LOCAL PROPERTIES FROM C:\PrepaidAutomation\serenity.properties 
16:31:21.166 [Test worker] DEBUG net.thucydides.core.util.PropertiesFileLocalPreferences - LOADING LOCAL PROPERTIES FROM C:\PrepaidAutomation\serenity.properties 
16:31:21.168 [Test worker] DEBUG net.thucydides.core.util.PropertiesFileLocalPreferences - webdriver.driver=firefox
16:31:21.168 [Test worker] DEBUG net.thucydides.core.util.PropertiesFileLocalPreferences - serenity.console.colors=true
16:31:21.168 [Test worker] DEBUG net.thucydides.core.util.PropertiesFileLocalPreferences - webdriver.gecko.driver=src/test/resources/drivers/geckodriver.exe
16:31:21.169 [Test worker] DEBUG net.thucydides.core.util.PropertiesFileLocalPreferences - webdriver.base.url=http://10.69.60.77:8180/tigo-pos-web/index.jsp
16:31:21.169 [Test worker] DEBUG net.thucydides.core.util.PropertiesFileLocalPreferences - serenity.project.name=servicios Rest_Assured
16:31:21.169 [Test worker] DEBUG net.thucydides.core.util.PropertiesFileLocalPreferences - webdriver.wait.for.timeout=6000
16:31:21.169 [Test worker] DEBUG net.thucydides.core.util.PropertiesFileLocalPreferences - serenity.use.unique.browser=true
16:31:21.170 [Test worker] DEBUG net.thucydides.core.util.PropertiesFileLocalPreferences - webdriver.timeouts.implicitlywait=20000
16:31:21.170 [Test worker] DEBUG net.thucydides.core.util.PropertiesFileLocalPreferences - serenity.browser.maximized=true
16:31:21.170 [Test worker] DEBUG net.thucydides.core.util.PropertiesFileLocalPreferences - firefox.capability.marionette=true
16:31:21.185 [Test worker] INFO net.thucydides.core.steps.ConsoleLoggingListener - ?[96m

-------------------------------------------------------------------------------------
     _______. _______ .______       _______ .__   __.  __  .___________.____    ____ 
    /       ||   ____||   _  \     |   ____||  \ |  | |  | |           |\   \  /   / 
   |   (----`|  |__   |  |_)  |    |  |__   |   \|  | |  | `---|  |----` \   \/   /  
    \   \    |   __|  |      /     |   __|  |  . `  | |  |     |  |       \_    _/   
.----)   |   |  |____ |  |\  \----.|  |____ |  |\   | |  |     |  |         |  |     
|_______/    |_______|| _| `._____||_______||__| \__| |__|     |__|         |__|    
                                                                                     
 News and tutorials at http://www.serenity-bdd.info                                  
 Documentation at https://wakaleo.gitbooks.io/the-serenity-book/content/             
 Join the Serenity Community on Rocket Chat at https://serenity-bdd.rocket.chat      
 Serenity BDD Support and Training at http://serenity-bdd.info/#/trainingandsupport  
 Learn Serenity BDD online at http://serenity-dojo.com                               
-------------------------------------------------------------------------------------
?[0m
16:31:21.203 [Test worker] DEBUG net.thucydides.core.steps.StepEventBus - Test suite started for story net.thucydides.core.model.Story@6fe68030
16:31:21.207 [Test worker] INFO net.thucydides.core.steps.ConsoleLoggingListener - Test Suite Started: Sanity limpieza y aprovisionamiento de recursos
16:31:21.316 [Test worker] INFO net.thucydides.core.steps.ConsoleLoggingListener - 
 _____ _____ ____ _____   ____ _____  _    ____ _____ _____ ____  
|_   _| ____/ ___|_   _| / ___|_   _|/ \  |  _ \_   _| ____|  _ \ 
  | | |  _| \___ \ | |   \___ \ | | / _ \ | |_) || | |  _| | | | |
  | | | |___ ___) || |    ___) || |/ ___ \|  _ < | | | |___| |_| |
  |_| |_____|____/ |_|   |____/ |_/_/   \_\_| \_\|_| |_____|____/ 
                                                                  

TEST STARTED: se requiere realizar una activacion de una linea en prepago
-------------------------------------------------------------------(sanity-limpieza-y-aprovisionamiento-de-recursos;se-requiere-realizar-una-activacion-de-una-linea-en-prepago)
16:31:21.471 [Test worker] DEBUG net.thucydides.core.requirements.model.cucumber.CucumberParser - Found no Cucumber 4.2.6 class cucumber.runtime.model.FeatureLoader try Cucumber 4.2.0 
16:31:21.472 [Test worker] DEBUG net.thucydides.core.requirements.model.cucumber.CucumberParser - Found no Cucumber 4.2.0 class cucumber.runtime.model.FeatureLoader try Cucumber 2.x.x 
16:31:21.732 [Test worker] DEBUG net.thucydides.core.reports.ReportService - Reporting formats: [JSON, HTML]
16:31:21.881 [Test worker] DEBUG net.thucydides.core.reports.ReportService - Reporting formats: [JSON, HTML]
16:31:21.897 [Test worker] DEBUG net.thucydides.core.reports.ReportService - Generating reports for 1 test outcomes using: net.thucydides.core.reports.json.JSONTestOutcomeReporter@b334bf2
16:31:21.899 [pool-1-thread-1] DEBUG net.thucydides.core.reports.ReportService - Processing test outcome Sanity limpieza y aprovisionamiento de recursos:se requiere realizar una activacion de una linea en prepago
16:31:21.900 [pool-1-thread-1] DEBUG net.thucydides.core.reports.ReportService - net.thucydides.core.reports.json.JSONTestOutcomeReporter@b334bf2: Generating report for test outcome: Sanity limpieza y aprovisionamiento de recursos:se requiere realizar una activacion de una linea en prepago
16:31:21.919 [pool-1-thread-1] DEBUG net.thucydides.core.reports.json.JSONTestOutcomeReporter - Generating JSON report for se requiere realizar una activacion de una linea en prepago to file C:\PrepaidAutomation\target\site\serenity\b24b1018ee3dd999113e548415feb5453867a0c876cf6d48e9e407bfaf58972b.json (using temp file C:\PrepaidAutomation\target\site\serenity\b24b1018ee3dd999113e548415feb5453867a0c876cf6d48e9e407bfaf58972b.json353ca896-ec7d-43e1-811c-40b9037a198a)
16:31:22.022 [pool-1-thread-1] DEBUG net.thucydides.core.reports.ReportService - Processing test outcome Sanity limpieza y aprovisionamiento de recursos:se requiere realizar una activacion de una linea en prepago done
16:31:22.022 [Test worker] DEBUG net.thucydides.core.reports.ReportService - Shutting down executor service
16:31:22.022 [Test worker] DEBUG net.thucydides.core.reports.ReportService - Reports generated in: 125 ms
16:31:22.022 [Test worker] DEBUG net.thucydides.core.reports.ReportService - Generating reports for 1 test outcomes using: net.thucydides.core.reports.html.HtmlAcceptanceTestReporter@1cc8beda
16:31:22.026 [pool-2-thread-1] DEBUG net.thucydides.core.reports.ReportService - Processing test outcome Sanity limpieza y aprovisionamiento de recursos:se requiere realizar una activacion de una linea en prepago
16:31:22.026 [pool-2-thread-1] DEBUG net.thucydides.core.reports.ReportService - net.thucydides.core.reports.html.HtmlAcceptanceTestReporter@1cc8beda: Generating report for test outcome: Sanity limpieza y aprovisionamiento de recursos:se requiere realizar una activacion de una linea en prepago
16:31:22.027 [pool-2-thread-1] DEBUG net.thucydides.core.reports.html.HtmlAcceptanceTestReporter - GENERATE TEST OUTCOME REPORT FOR se requiere realizar una activacion de una linea en prepago in b24b1018ee3dd999113e548415feb5453867a0c876cf6d48e9e407bfaf58972b
16:31:22.066 [pool-2-thread-1] DEBUG net.thucydides.core.requirements.model.cucumber.CucumberParser - Found no Cucumber 4.2.6 class cucumber.runtime.model.FeatureLoader try Cucumber 4.2.0 
16:31:22.067 [pool-2-thread-1] DEBUG net.thucydides.core.requirements.model.cucumber.CucumberParser - Found no Cucumber 4.2.0 class cucumber.runtime.model.FeatureLoader try Cucumber 2.x.x 
16:31:22.074 [pool-2-thread-1] DEBUG net.thucydides.core.requirements.RequirementsTagProvider -  found:[Requirement{name='Sanity limpieza y aprovisionamiento de recursos', type='feature' parent = 'null', cardNumber='null'}]
16:31:22.103 [pool-2-thread-1] DEBUG net.thucydides.core.requirements.BaseRequirementsService - Requirement found for test outcome se requiere realizar una activacion de una linea en prepago-[]: Optional[Requirement{name='Sanity limpieza y aprovisionamiento de recursos', type='feature' parent = 'null', cardNumber='null'}]
16:31:22.108 [pool-2-thread-1] DEBUG net.thucydides.core.requirements.BaseRequirementsService - Requirement found for test outcome se requiere realizar una activacion de una linea en prepago-[]: Optional[Requirement{name='Sanity limpieza y aprovisionamiento de recursos', type='feature' parent = 'null', cardNumber='null'}]
16:31:22.310 [pool-2-thread-1] DEBUG net.thucydides.core.reports.html.HtmlAcceptanceTestReporter - GENERATING HTML REPORT FOR Sanity limpieza y aprovisionamiento de recursos:se requiere realizar una activacion de una linea en prepago in b24b1018ee3dd999113e548415feb5453867a0c876cf6d48e9e407bfaf58972b.html in directory C:\PrepaidAutomation\target\site\serenity  
16:31:22.315 [pool-2-thread-1] DEBUG net.thucydides.core.reports.html.HtmlAcceptanceTestReporter - Generating report in b24b1018ee3dd999113e548415feb5453867a0c876cf6d48e9e407bfaf58972b.html
16:31:23.147 [pool-2-thread-1] DEBUG net.thucydides.core.reports.html.HtmlAcceptanceTestReporter - Generated report b24b1018ee3dd999113e548415feb5453867a0c876cf6d48e9e407bfaf58972b.html in 832 ms
16:31:23.147 [pool-2-thread-1] DEBUG net.thucydides.core.reports.ReportService - Processing test outcome Sanity limpieza y aprovisionamiento de recursos:se requiere realizar una activacion de una linea en prepago done
16:31:23.148 [Test worker] DEBUG net.thucydides.core.reports.ReportService - Shutting down executor service
16:31:23.148 [Test worker] DEBUG net.thucydides.core.reports.ReportService - Reports generated in: 1126 ms

1 Scenarios (?[33m1 undefined?[0m)
3 Steps (?[33m3 undefined?[0m)
0m0,970s


You can implement missing steps with the snippets below:


@Given("^Se ingresa al portal CRM para activacion prepago$")
public void seIngresaAlPortalCRMParaActivacionPrepago(DataTable arg1) {
    // Write code here that turns the phrase above into concrete actions
    // For automatic transformation, change DataTable to one of
    // List<YourType>, List<List<E>>, List<Map<K,V>> or Map<K,V>.
    // E,K,V must be a scalar (String, Integer, Date, enum etc).
    // Field names for YourType must match the column names in 
    // your feature file (except for spaces and capitalization).
    throw new PendingException();
}

@When("^Se hace activacion de una linea en prepago$")
public void seHaceActivacionDeUnaLineaEnPrepago() {
    // Write code here that turns the phrase above into concrete actions
    throw new PendingException();
}

@Then("^Se deberia ver en pantalla unica la linea activa en prepago$")
public void seDeberiaVerEnPantallaUnicaLaLineaActivaEnPrepago() {
    // Write code here that turns the phrase above into concrete actions
    throw new PendingException();
}

]]></system-out>
  <system-err><![CDATA[]]></system-err>
</testsuite>
